<?xml version="1.0" encoding="UTF-8" ?>
<testsuite tests="147" failures="1" name="com.bddinaction.flyinghigh.jbehave.AcceptanceTestSuite" time="310.015" errors="6" skipped="28">
  <properties>
[...]
</properties>
  <testcase classname="java.lang.Object" name="BeforeStories" time="0.023"/>
  <testcase classname="com.bddinaction.flyinghigh.jbehave.steps.EarningPointsFromFlights" name="Given the flying distance between Sydney and Melbourne is 878 km" time="0.038"/>
  <testcase classname="com.bddinaction.flyinghigh.jbehave.steps.FrequentFlyerSteps" name="And I am a Bronze Frequent Flyer member" time="0.004"/>
  <testcase classname="com.bddinaction.flyinghigh.jbehave.steps.EarningPointsFromFlights" name="When I fly from Sydney to Melbourne on 10\/10\/2014" time="0.004"/>
  <testcase classname="com.bddinaction.flyinghigh.jbehave.steps.EarningPointsFromFlights" name="Then I should earn 439 points" time="0.007"/>
  <testcase classname="Scenario: Earning standard points from an Economy flight\u002C Normal flights earn 1 point every 2 kilometers" name="Scenario: Earning standard points from an Economy flight\u002C Normal flights earn 1 point every 2 kilometers" time="0.02"/>
  <testcase classname="earning_points_from_flights.story" name="earning_points_from_flights.story" time="29.321"/>
  <testcase classname="joe_has_registered.story" name="joe_has_registered.story" time="0.046"/>
  <testcase classname="com.bddinaction.flyinghigh.jbehave.steps.LoginSteps" name="When Joe logs on with password \&apos;secret\&apos;" time="0.002"/>
  <testcase classname="com.bddinaction.flyinghigh.jbehave.steps.LoginSteps" name="Then he should be given access to the site" time="0.001"/>
  <testcase classname="Scenario: Logging on successfully" name="Scenario: Logging on successfully" time="0.011"/>
  <testcase classname="joe_has_registered.story\u200B" name="joe_has_registered.story\u200B" time="0.034"/>
  <testcase classname="com.bddinaction.flyinghigh.jbehave.steps.LoginSteps" name="When Joe logs on with password \&apos;wrong\&apos;" time="0.002"/>
  <testcase classname="com.bddinaction.flyinghigh.jbehave.steps.LoginSteps" name="Then he should be informed that his password was incorrect" time="0.02">
    <failure message="expected:&lt;&apos;[expected] message&apos;&gt; but was:&lt;&apos;[wrong] message&apos;&gt;" type="org.junit.ComparisonFailure">org.junit.ComparisonFailure: expected:&lt;&apos;[expected] message&apos;&gt; but was:&lt;&apos;[wrong] message&apos;&gt;
	at sun.reflect.NativeConstructorAccessorImpl.newInstance0(Native Method)
	at sun.reflect.NativeConstructorAccessorImpl.newInstance(NativeConstructorAccessorImpl.java:62)
	at sun.reflect.DelegatingConstructorAccessorImpl.newInstance(DelegatingConstructorAccessorImpl.java:45)
	at java.lang.reflect.Constructor.newInstance(Constructor.java:408)
	at org.fest.assertions.ConstructorInvoker.newInstance(ConstructorInvoker.java:36)
	at org.fest.assertions.ComparisonFailureFactory.newComparisonFailure(ComparisonFailureFactory.java:60)
	at org.fest.assertions.ComparisonFailureFactory.comparisonFailure(ComparisonFailureFactory.java:46)
	at org.fest.assertions.Fail.comparisonFailed(Fail.java:83)
	at org.fest.assertions.Fail.failIfNotEqual(Fail.java:71)
	at org.fest.assertions.GenericAssert.isEqualTo(GenericAssert.java:217)
	at com.bddinaction.flyinghigh.jbehave.steps.LoginSteps.he_should_be_informed_that_his_password_was_incorrect(LoginSteps.java:35)
	at sun.reflect.NativeMethodAccessorImpl.invoke0(Native Method)
	at sun.reflect.NativeMethodAccessorImpl.invoke(NativeMethodAccessorImpl.java:62)
	at sun.reflect.DelegatingMethodAccessorImpl.invoke(DelegatingMethodAccessorImpl.java:43)
	at java.lang.reflect.Method.invoke(Method.java:483)
	at org.jbehave.core.steps.StepCreator$ParameterisedStep.perform(StepCreator.java:569)
	at org.jbehave.core.embedder.StoryRunner$FineSoFar.run(StoryRunner.java:535)
	at org.jbehave.core.embedder.StoryRunner.runStepsWhileKeepingState(StoryRunner.java:515)
	at org.jbehave.core.embedder.StoryRunner.runScenarioSteps(StoryRunner.java:479)
	at org.jbehave.core.embedder.StoryRunner.runStepsWithLifecycle(StoryRunner.java:445)
	at org.jbehave.core.embedder.StoryRunner.runCancellable(StoryRunner.java:305)
	at org.jbehave.core.embedder.StoryRunner.run(StoryRunner.java:220)
	at org.jbehave.core.embedder.StoryRunner.run(StoryRunner.java:181)
	at org.jbehave.core.embedder.StoryManager$EnqueuedStory.call(StoryManager.java:235)
	at org.jbehave.core.embedder.StoryManager$EnqueuedStory.call(StoryManager.java:207)
	at java.util.concurrent.FutureTask.run(FutureTask.java:266)
	at java.util.concurrent.ThreadPoolExecutor.runWorker(ThreadPoolExecutor.java:1142)
	at java.util.concurrent.ThreadPoolExecutor$Worker.run(ThreadPoolExecutor.java:617)
	at java.lang.Thread.run(Thread.java:744)
</failure>
    <system-out>Then he should be informed that his password was incorrect (FAILED)
(org.junit.ComparisonFailure: expected:&lt;&apos;[expected] message&apos;&gt; but was:&lt;&apos;[wrong] message&apos;&gt;)
</system-out>
  </testcase>
  <testcase classname="joe_has_registered.story\u200B\u200B" name="joe_has_registered.story\u200B\u200B" time="0.024"/>
  <testcase classname="com.bddinaction.flyinghigh.jbehave.steps.LoginSteps" name="Given the account has expired" time="0.002">
    <error message="Database crashed" type="java.io.IOException">java.io.IOException: Database crashed
	at com.bddinaction.flyinghigh.jbehave.steps.LoginSteps.the_account_has_expired(LoginSteps.java:40)
	at sun.reflect.NativeMethodAccessorImpl.invoke0(Native Method)
	at sun.reflect.NativeMethodAccessorImpl.invoke(NativeMethodAccessorImpl.java:62)
	at sun.reflect.DelegatingMethodAccessorImpl.invoke(DelegatingMethodAccessorImpl.java:43)
	at java.lang.reflect.Method.invoke(Method.java:483)
	at org.jbehave.core.steps.StepCreator$ParameterisedStep.perform(StepCreator.java:569)
	at org.jbehave.core.embedder.StoryRunner$FineSoFar.run(StoryRunner.java:535)
	at org.jbehave.core.embedder.StoryRunner.runStepsWhileKeepingState(StoryRunner.java:515)
	at org.jbehave.core.embedder.StoryRunner.runScenarioSteps(StoryRunner.java:479)
	at org.jbehave.core.embedder.StoryRunner.runStepsWithLifecycle(StoryRunner.java:445)
	at org.jbehave.core.embedder.StoryRunner.runCancellable(StoryRunner.java:305)
	at org.jbehave.core.embedder.StoryRunner.run(StoryRunner.java:220)
	at org.jbehave.core.embedder.StoryRunner.run(StoryRunner.java:181)
	at org.jbehave.core.embedder.StoryManager$EnqueuedStory.call(StoryManager.java:235)
	at org.jbehave.core.embedder.StoryManager$EnqueuedStory.call(StoryManager.java:207)
	at java.util.concurrent.FutureTask.run(FutureTask.java:266)
	at java.util.concurrent.ThreadPoolExecutor.runWorker(ThreadPoolExecutor.java:1142)
	at java.util.concurrent.ThreadPoolExecutor$Worker.run(ThreadPoolExecutor.java:617)
	at java.lang.Thread.run(Thread.java:744)
</error>
    <system-out>Given the account has expired (FAILED)
(java.io.IOException: Database crashed)
</system-out>
  </testcase>
  <testcase classname="com.bddinaction.flyinghigh.jbehave.steps.LoginSteps" name="When Joe logs on with password \&apos;wrong\&apos;\u200B" time="0.004">
    <skipped/>
  </testcase>
  <testcase classname="com.bddinaction.flyinghigh.jbehave.steps.LoginSteps" name="Then he should be informed that his account has expired" time="0.006">
    <skipped/>
  </testcase>
  <testcase classname="com.bddinaction.flyinghigh.jbehave.steps.LoginSteps" name="And he should be invited to renew his account" time="0.007">
    <skipped/>
  </testcase>
  <testcase classname="com.bddinaction.flyinghigh.jbehave.steps.EarningStatus" name="Given a member has a status of &lt;initialStatus&gt;" time="0.003"/>
  <testcase classname="com.bddinaction.flyinghigh.jbehave.steps.EarningPointsFromFlights" name="When I fly on a flight that is worth &lt;base&gt; base points" time="0.002"/>
  <testcase classname="com.bddinaction.flyinghigh.jbehave.steps.EarningPointsFromFlights" name="Then I should earn a status bonus of &lt;bonus&gt;" time="0.003"/>
  <testcase classname="com.bddinaction.flyinghigh.jbehave.steps.EarningPointsFromFlights" name="And I should have guaranteed minimum earned points per trip of &lt;minimum&gt;" time="0.002"/>
  <testcase classname="com.bddinaction.flyinghigh.jbehave.steps.EarningPointsFromFlights" name="And I should earn &lt;total&gt; points in all" time="0.002"/>
  <testcase classname="com.bddinaction.flyinghigh.jbehave.steps.EarningStatus" name="Given a member has a status of &lt;initialStatus&gt;\u200B" time="0.002"/>
  <testcase classname="com.bddinaction.flyinghigh.jbehave.steps.EarningPointsFromFlights" name="When I fly on a flight that is worth &lt;base&gt; base points\u200B" time="0.001"/>
  <testcase classname="com.bddinaction.flyinghigh.jbehave.steps.EarningPointsFromFlights" name="Then I should earn a status bonus of &lt;bonus&gt;\u200B" time="0.002"/>
  <testcase classname="com.bddinaction.flyinghigh.jbehave.steps.EarningPointsFromFlights" name="And I should have guaranteed minimum earned points per trip of &lt;minimum&gt;\u200B" time="0.001"/>
  <testcase classname="com.bddinaction.flyinghigh.jbehave.steps.EarningPointsFromFlights" name="And I should earn &lt;total&gt; points in all\u200B" time="0.002"/>
  <testcase classname="com.bddinaction.flyinghigh.jbehave.steps.EarningStatus" name="Given a member has a status of &lt;initialStatus&gt;\u200B\u200B" time="0.002"/>
  <testcase classname="com.bddinaction.flyinghigh.jbehave.steps.EarningPointsFromFlights" name="When I fly on a flight that is worth &lt;base&gt; base points\u200B\u200B" time="0.001"/>
  <testcase classname="com.bddinaction.flyinghigh.jbehave.steps.EarningPointsFromFlights" name="Then I should earn a status bonus of &lt;bonus&gt;\u200B\u200B" time="0.002"/>
  <testcase classname="com.bddinaction.flyinghigh.jbehave.steps.EarningPointsFromFlights" name="And I should have guaranteed minimum earned points per trip of &lt;minimum&gt;\u200B\u200B" time="0.002"/>
  <testcase classname="com.bddinaction.flyinghigh.jbehave.steps.EarningPointsFromFlights" name="And I should earn &lt;total&gt; points in all\u200B\u200B" time="0.001"/>
  <testcase classname="com.bddinaction.flyinghigh.jbehave.steps.EarningStatus" name="Given a member has a status of &lt;initialStatus&gt;\u200B\u200B\u200B" time="0.001"/>
  <testcase classname="com.bddinaction.flyinghigh.jbehave.steps.EarningPointsFromFlights" name="When I fly on a flight that is worth &lt;base&gt; base points\u200B\u200B\u200B" time="0.001"/>
  <testcase classname="com.bddinaction.flyinghigh.jbehave.steps.EarningPointsFromFlights" name="Then I should earn a status bonus of &lt;bonus&gt;\u200B\u200B\u200B" time="0.001"/>
  <testcase classname="com.bddinaction.flyinghigh.jbehave.steps.EarningPointsFromFlights" name="And I should have guaranteed minimum earned points per trip of &lt;minimum&gt;\u200B\u200B\u200B" time="0.002"/>
  <testcase classname="com.bddinaction.flyinghigh.jbehave.steps.EarningPointsFromFlights" name="And I should earn &lt;total&gt; points in all\u200B\u200B\u200B" time="0.002"/>
  <testcase classname="com.bddinaction.flyinghigh.jbehave.steps.EarningStatus" name="Given a member has a status of &lt;initialStatus&gt;\u200B\u200B\u200B\u200B" time="0.002"/>
  <testcase classname="com.bddinaction.flyinghigh.jbehave.steps.EarningPointsFromFlights" name="When I fly on a flight that is worth &lt;base&gt; base points\u200B\u200B\u200B\u200B" time="0.002"/>
  <testcase classname="com.bddinaction.flyinghigh.jbehave.steps.EarningPointsFromFlights" name="Then I should earn a status bonus of &lt;bonus&gt;\u200B\u200B\u200B\u200B" time="0.002"/>
  <testcase classname="com.bddinaction.flyinghigh.jbehave.steps.EarningPointsFromFlights" name="And I should have guaranteed minimum earned points per trip of &lt;minimum&gt;\u200B\u200B\u200B\u200B" time="0.001"/>
  <testcase classname="com.bddinaction.flyinghigh.jbehave.steps.EarningPointsFromFlights" name="And I should earn &lt;total&gt; points in all\u200B\u200B\u200B\u200B" time="0.001"/>
  <testcase classname="Scenario: Earning points on flights by Frequent Flyer status" name="Scenario: Earning points on flights by Frequent Flyer status" time="0.006"/>
  <testcase classname="earning_extra_points_from_status.story" name="earning_extra_points_from_status.story" time="0.008"/>
  <testcase classname="com.bddinaction.flyinghigh.jbehave.steps.UserAuthenticationSteps" name="Given Jane has logged on" time="52.625">
    <error message="Could not instantiate class org.openqa.selenium.firefox.FirefoxDriver" type="net.thucydides.core.webdriver.UnsupportedDriverException">net.thucydides.core.webdriver.UnsupportedDriverException: Could not instantiate class org.openqa.selenium.firefox.FirefoxDriver
	at net.thucydides.core.webdriver.WebDriverFacade.newDriverInstance(WebDriverFacade.java:91)
	at net.thucydides.core.webdriver.WebDriverFacade.newProxyDriver(WebDriverFacade.java:82)
	at net.thucydides.core.webdriver.WebDriverFacade.getProxiedDriver(WebDriverFacade.java:54)
	at net.thucydides.core.webdriver.WebDriverFacade.openIgnoringHtmlUnitScriptErrors(WebDriverFacade.java:123)
	at net.thucydides.core.webdriver.WebDriverFacade.get(WebDriverFacade.java:118)
	at net.thucydides.core.pages.PageObject.openPageAtUrl(PageObject.java:732)
	at net.thucydides.core.pages.PageObject.open(PageObject.java:642)
	at net.thucydides.core.pages.PageObject.open(PageObject.java:630)
	at com.bddinaction.flyinghigh.jbehave.flowsteps.AuthenticationFlowSteps.enterEmailAndPasswordFor(AuthenticationFlowSteps.java:17)
	at com.bddinaction.flyinghigh.jbehave.flowsteps.AuthenticationFlowSteps$$EnhancerByCGLIB$$9ae594cd.CGLIB$enterEmailAndPasswordFor$1(&lt;generated&gt;)
	at com.bddinaction.flyinghigh.jbehave.flowsteps.AuthenticationFlowSteps$$EnhancerByCGLIB$$9ae594cd$$FastClassByCGLIB$$e74f7a86.invoke(&lt;generated&gt;)
	at net.sf.cglib.proxy.MethodProxy.invokeSuper(MethodProxy.java:228)
	at net.thucydides.core.steps.StepInterceptor.executeTestStepMethod(StepInterceptor.java:285)
	at net.thucydides.core.steps.StepInterceptor.runTestStep(StepInterceptor.java:261)
	at net.thucydides.core.steps.StepInterceptor.testStepResult(StepInterceptor.java:125)
	at net.thucydides.core.steps.StepInterceptor.intercept(StepInterceptor.java:51)
	at com.bddinaction.flyinghigh.jbehave.flowsteps.AuthenticationFlowSteps$$EnhancerByCGLIB$$9ae594cd.enterEmailAndPasswordFor(&lt;generated&gt;)
	at com.bddinaction.flyinghigh.jbehave.steps.UserAuthenticationSteps.aUserHasLoggedOnAs(UserAuthenticationSteps.java:32)
	at sun.reflect.NativeMethodAccessorImpl.invoke0(Native Method)
	at sun.reflect.NativeMethodAccessorImpl.invoke(NativeMethodAccessorImpl.java:62)
	at sun.reflect.DelegatingMethodAccessorImpl.invoke(DelegatingMethodAccessorImpl.java:43)
	at java.lang.reflect.Method.invoke(Method.java:483)
	at org.jbehave.core.steps.StepCreator$ParameterisedStep.perform(StepCreator.java:569)
	at org.jbehave.core.embedder.StoryRunner$FineSoFar.run(StoryRunner.java:535)
	at org.jbehave.core.embedder.StoryRunner.runStepsWhileKeepingState(StoryRunner.java:515)
	at org.jbehave.core.embedder.StoryRunner.runScenarioSteps(StoryRunner.java:479)
	at org.jbehave.core.embedder.StoryRunner.runStepsWithLifecycle(StoryRunner.java:445)
	at org.jbehave.core.embedder.StoryRunner.runCancellable(StoryRunner.java:305)
	at org.jbehave.core.embedder.StoryRunner.run(StoryRunner.java:220)
	at org.jbehave.core.embedder.StoryRunner.run(StoryRunner.java:181)
	at org.jbehave.core.embedder.StoryManager$EnqueuedStory.call(StoryManager.java:235)
	at org.jbehave.core.embedder.StoryManager$EnqueuedStory.call(StoryManager.java:207)
	at java.util.concurrent.FutureTask.run(FutureTask.java:266)
	at java.util.concurrent.ThreadPoolExecutor.runWorker(ThreadPoolExecutor.java:1142)
	at java.util.concurrent.ThreadPoolExecutor$Worker.run(ThreadPoolExecutor.java:617)
	at java.lang.Thread.run(Thread.java:744)
Caused by: net.thucydides.core.webdriver.UnsupportedDriverException: Could not instantiate class org.openqa.selenium.firefox.FirefoxDriver
	at net.thucydides.core.webdriver.WebDriverFactory.newWebdriverInstance(WebDriverFactory.java:192)
	at net.thucydides.core.webdriver.WebDriverFacade.newDriverInstance(WebDriverFacade.java:88)
	... 35 more
Caused by: org.openqa.selenium.WebDriverException: Failed to connect to binary FirefoxBinary(/Applications/Firefox.app/Contents/MacOS/firefox-bin) on port 7055; process output follows: 
*** LOG addons.manager: Application has been upgraded
*** LOG addons.xpi: startup
*** LOG addons.xpi: Skipping unavailable install location app-system-share
*** LOG addons.xpi: Ignoring file entry whose name is not a valid add-on ID: /var/folders/z0/4r1wkhdx48j5kd1k5nql6yxm0000gp/T/anonymous6778675275547258210webdriver-profile/extensions/webdriver-staging
*** LOG addons.xpi: checkForChanges
*** LOG addons.xpi: Directory state JSON differs: cache [] state [{&quot;name&quot;:&quot;app-global&quot;,&quot;addons&quot;:{&quot;{972ce4c6-7e08-4474-a285-3208198ce6fd}&quot;:{&quot;descriptor&quot;:&quot;/Applications/Firefox.app/Contents/MacOS/browser/extensions/{972ce4c6-7e08-4474-a285-3208198ce6fd}&quot;,&quot;mtime&quot;:1399678055000,&quot;rdfTime&quot;:1399678054000}}},{&quot;name&quot;:&quot;app-profile&quot;,&quot;addons&quot;:{&quot;fxdriver@googlecode.com&quot;:{&quot;descriptor&quot;:&quot;/var/folders/z0/4r1wkhdx48j5kd1k5nql6yxm0000gp/T/anonymous6778675275547258210webdriver-profile/extensions/fxdriver@googlecode.com&quot;,&quot;mtime&quot;:1404011101000,&quot;rdfTime&quot;:1404011101000}}}]
*** LOG addons.xpi-utils: Opening XPI database /var/folders/z0/4r1wkhdx48j5kd1k5nql6yxm0000gp/T/anonymous6778675275547258210webdriver-profile/extensions.json
*** LOG addons.xpi: New add-on fxdriver@googlecode.com installed in app-profile
*** Blocklist::_loadBlocklistFromFile: blocklist is disabled
*** LOG addons.xpi-utils: Make addon app-profile:fxdriver@googlecode.com visible
*** LOG DeferredSave/extensions.json: Save changes
*** LOG DeferredSave/extensions.json: Save changes
*** LOG addons.xpi: New add-on {972ce4c6-7e08-4474-a285-3208198ce6fd} installed in app-global
*** LOG addons.xpi-utils: Make addon app-global:{972ce4c6-7e08-4474-a285-3208198ce6fd} visible
*** LOG DeferredSave/extensions.json: Save changes
*** LOG DeferredSave/extensions.json: Save changes
*** LOG addons.xpi: Updating database with changes to installed add-ons
*** LOG addons.xpi-utils: Updating add-on states
*** LOG addons.xpi-utils: Writing add-ons list
*** LOG DeferredSave/extensions.json: Starting timer
*** LOG DeferredSave/extensions.json: Starting write
*** LOG addons.manager: shutdown
*** LOG addons.xpi: shutdown
*** LOG addons.xpi-utils: shutdown
*** LOG DeferredSave/extensions.json: Write succeeded
*** LOG addons.xpi-utils: XPI Database saved, setting schema version preference to 16
*** LOG addons.xpi: Notifying XPI shutdown observers
*** LOG addons.manager: Async provider shutdown done
*** LOG addons.xpi: startup
*** LOG addons.xpi: Skipping unavailable install location app-system-share
*** LOG addons.xpi: Ignoring file entry whose name is not a valid add-on ID: /var/folders/z0/4r1wkhdx48j5kd1k5nql6yxm0000gp/T/anonymous6778675275547258210webdriver-profile/extensions/webdriver-staging
*** LOG addons.xpi: checkForChanges
*** LOG addons.xpi: No changes found
*** Blocklist::_loadBlocklistFromFile: blocklist is disabled

Build info: version: &apos;2.35.0&apos;, revision: &apos;8df0c6bedf70ff9f22c647788f9fe9c8d22210e2&apos;, time: &apos;2013-08-17 12:46:41&apos;
System info: os.name: &apos;Mac OS X&apos;, os.arch: &apos;x86_64&apos;, os.version: &apos;10.9.3&apos;, java.version: &apos;1.8.0&apos;
Driver info: driver.version: FirefoxDriver
	at org.openqa.selenium.firefox.internal.NewProfileExtensionConnection.start(NewProfileExtensionConnection.java:118)
	at org.openqa.selenium.firefox.FirefoxDriver.startClient(FirefoxDriver.java:251)
	at org.openqa.selenium.remote.RemoteWebDriver.&lt;init&gt;(RemoteWebDriver.java:110)
	at org.openqa.selenium.firefox.FirefoxDriver.&lt;init&gt;(FirefoxDriver.java:195)
	at org.openqa.selenium.firefox.FirefoxDriver.&lt;init&gt;(FirefoxDriver.java:190)
	at org.openqa.selenium.firefox.FirefoxDriver.&lt;init&gt;(FirefoxDriver.java:107)
	at net.thucydides.core.webdriver.WebdriverInstanceFactory.newFirefoxDriver(WebdriverInstanceFactory.java:32)
	at net.thucydides.core.webdriver.WebDriverFactory.firefoxDriver(WebDriverFactory.java:535)
	at net.thucydides.core.webdriver.WebDriverFactory.newWebdriverInstance(WebDriverFactory.java:169)
	... 36 more
Caused by: org.openqa.selenium.firefox.NotConnectedException: Unable to connect to host 127.0.0.1 on port 7055 after 45000 ms. Firefox console output:
*** LOG addons.manager: Application has been upgraded
*** LOG addons.xpi: startup
*** LOG addons.xpi: Skipping unavailable install location app-system-share
*** LOG addons.xpi: Ignoring file entry whose name is not a valid add-on ID: /var/folders/z0/4r1wkhdx48j5kd1k5nql6yxm0000gp/T/anonymous6778675275547258210webdriver-profile/extensions/webdriver-staging
*** LOG addons.xpi: checkForChanges
*** LOG addons.xpi: Directory state JSON differs: cache [] state [{&quot;name&quot;:&quot;app-global&quot;,&quot;addons&quot;:{&quot;{972ce4c6-7e08-4474-a285-3208198ce6fd}&quot;:{&quot;descriptor&quot;:&quot;/Applications/Firefox.app/Contents/MacOS/browser/extensions/{972ce4c6-7e08-4474-a285-3208198ce6fd}&quot;,&quot;mtime&quot;:1399678055000,&quot;rdfTime&quot;:1399678054000}}},{&quot;name&quot;:&quot;app-profile&quot;,&quot;addons&quot;:{&quot;fxdriver@googlecode.com&quot;:{&quot;descriptor&quot;:&quot;/var/folders/z0/4r1wkhdx48j5kd1k5nql6yxm0000gp/T/anonymous6778675275547258210webdriver-profile/extensions/fxdriver@googlecode.com&quot;,&quot;mtime&quot;:1404011101000,&quot;rdfTime&quot;:1404011101000}}}]
*** LOG addons.xpi-utils: Opening XPI database /var/folders/z0/4r1wkhdx48j5kd1k5nql6yxm0000gp/T/anonymous6778675275547258210webdriver-profile/extensions.json
*** LOG addons.xpi: New add-on fxdriver@googlecode.com installed in app-profile
*** Blocklist::_loadBlocklistFromFile: blocklist is disabled
*** LOG addons.xpi-utils: Make addon app-profile:fxdriver@googlecode.com visible
*** LOG DeferredSave/extensions.json: Save changes
*** LOG DeferredSave/extensions.json: Save changes
*** LOG addons.xpi: New add-on {972ce4c6-7e08-4474-a285-3208198ce6fd} installed in app-global
*** LOG addons.xpi-utils: Make addon app-global:{972ce4c6-7e08-4474-a285-3208198ce6fd} visible
*** LOG DeferredSave/extensions.json: Save changes
*** LOG DeferredSave/extensions.json: Save changes
*** LOG addons.xpi: Updating database with changes to installed add-ons
*** LOG addons.xpi-utils: Updating add-on states
*** LOG addons.xpi-utils: Writing add-ons list
*** LOG DeferredSave/extensions.json: Starting timer
*** LOG DeferredSave/extensions.json: Starting write
*** LOG addons.manager: shutdown
*** LOG addons.xpi: shutdown
*** LOG addons.xpi-utils: shutdown
*** LOG DeferredSave/extensions.json: Write succeeded
*** LOG addons.xpi-utils: XPI Database saved, setting schema version preference to 16
*** LOG addons.xpi: Notifying XPI shutdown observers
*** LOG addons.manager: Async provider shutdown done
*** LOG addons.xpi: startup
*** LOG addons.xpi: Skipping unavailable install location app-system-share
*** LOG addons.xpi: Ignoring file entry whose name is not a valid add-on ID: /var/folders/z0/4r1wkhdx48j5kd1k5nql6yxm0000gp/T/anonymous6778675275547258210webdriver-profile/extensions/webdriver-staging
*** LOG addons.xpi: checkForChanges
*** LOG addons.xpi: No changes found
*** Blocklist::_loadBlocklistFromFile: blocklist is disabled

	at org.openqa.selenium.firefox.internal.NewProfileExtensionConnection.start(NewProfileExtensionConnection.java:106)
	... 44 more
</error>
    <system-out>Running story stories/marketing/show_featured_destinations.story
Showing featured destinations
(stories/marketing/show_featured_destinations.story)
Meta:
@issue FH-21
@tag component:ui

Before storyshow_featured_destinations.story
Narrative:
In order to encourage travellers to travel more
As a n airline
I want to show travellers exciting destinations when they log on

Meta:
@tag component:ui
@issue FH-21
Scenario: Displaying featured destinations
Given Jane has logged on (FAILED)
(net.thucydides.core.webdriver.UnsupportedDriverException: Could not instantiate class org.openqa.selenium.firefox.FirefoxDriver)
</system-out>
    <system-err>34317 [pool-1-thread-1] INFO net.thucydides.core.Thucydides - Test Suite Started: Show featured destinations
34319 [pool-1-thread-1] INFO net.thucydides.core.Thucydides - 
  _____ _____ ____ _____   ____ _____  _    ____ _____ _____ ____  
 |_   _| ____/ ___|_   _| / ___|_   _|/ \  |  _ \_   _| ____|  _ \ 
   | | |  _| \___ \ | |   \___ \ | | / _ \ | |_) || | |  _| | | | |
   | | | |___ ___) || |    ___) || |/ ___ \|  _ &lt; | | | |___| |_| |
   |_| |_____|____/ |_|   |____/ |_/_/   \_\_| \_\|_| |_____|____/ 
                                                                   

TEST STARTED: Displaying featured destinations
--------------------------------------------------------------------
34423 [pool-1-thread-1] INFO net.thucydides.core.steps.StepInterceptor - STARTING STEP: enterEmailAndPasswordFor
org.openqa.selenium.firefox.NotConnectedException: Unable to connect to host 127.0.0.1 on port 7055 after 45000 ms. Firefox console output:
*** LOG addons.manager: Application has been upgraded
*** LOG addons.xpi: startup
*** LOG addons.xpi: Skipping unavailable install location app-system-share
*** LOG addons.xpi: Ignoring file entry whose name is not a valid add-on ID: /var/folders/z0/4r1wkhdx48j5kd1k5nql6yxm0000gp/T/anonymous6778675275547258210webdriver-profile/extensions/webdriver-staging
*** LOG addons.xpi: checkForChanges
*** LOG addons.xpi: Directory state JSON differs: cache [] state [{&quot;name&quot;:&quot;app-global&quot;,&quot;addons&quot;:{&quot;{972ce4c6-7e08-4474-a285-3208198ce6fd}&quot;:{&quot;descriptor&quot;:&quot;/Applications/Firefox.app/Contents/MacOS/browser/extensions/{972ce4c6-7e08-4474-a285-3208198ce6fd}&quot;,&quot;mtime&quot;:1399678055000,&quot;rdfTime&quot;:1399678054000}}},{&quot;name&quot;:&quot;app-profile&quot;,&quot;addons&quot;:{&quot;fxdriver@googlecode.com&quot;:{&quot;descriptor&quot;:&quot;/var/folders/z0/4r1wkhdx48j5kd1k5nql6yxm0000gp/T/anonymous6778675275547258210webdriver-profile/extensions/fxdriver@googlecode.com&quot;,&quot;mtime&quot;:1404011101000,&quot;rdfTime&quot;:1404011101000}}}]
*** LOG addons.xpi-utils: Opening XPI database /var/folders/z0/4r1wkhdx48j5kd1k5nql6yxm0000gp/T/anonymous6778675275547258210webdriver-profile/extensions.json
*** LOG addons.xpi: New add-on fxdriver@googlecode.com installed in app-profile
*** Blocklist::_loadBlocklistFromFile: blocklist is disabled
*** LOG addons.xpi-utils: Make addon app-profile:fxdriver@googlecode.com visible
*** LOG DeferredSave/extensions.json: Save changes
*** LOG DeferredSave/extensions.json: Save changes
*** LOG addons.xpi: New add-on {972ce4c6-7e08-4474-a285-3208198ce6fd} installed in app-global
*** LOG addons.xpi-utils: Make addon app-global:{972ce4c6-7e08-4474-a285-3208198ce6fd} visible
*** LOG DeferredSave/extensions.json: Save changes
*** LOG DeferredSave/extensions.json: Save changes
*** LOG addons.xpi: Updating database with changes to installed add-ons
*** LOG addons.xpi-utils: Updating add-on states
*** LOG addons.xpi-utils: Writing add-ons list
*** LOG DeferredSave/extensions.json: Starting timer
*** LOG DeferredSave/extensions.json: Starting write
*** LOG addons.manager: shutdown
*** LOG addons.xpi: shutdown
*** LOG addons.xpi-utils: shutdown
*** LOG DeferredSave/extensions.json: Write succeeded
*** LOG addons.xpi-utils: XPI Database saved, setting schema version preference to 16
*** LOG addons.xpi: Notifying XPI shutdown observers
*** LOG addons.manager: Async provider shutdown done
*** LOG addons.xpi: startup
*** LOG addons.xpi: Skipping unavailable install location app-system-share
*** LOG addons.xpi: Ignoring file entry whose name is not a valid add-on ID: /var/folders/z0/4r1wkhdx48j5kd1k5nql6yxm0000gp/T/anonymous6778675275547258210webdriver-profile/extensions/webdriver-staging
*** LOG addons.xpi: checkForChanges
*** LOG addons.xpi: No changes found
*** Blocklist::_loadBlocklistFromFile: blocklist is disabled

	at org.openqa.selenium.firefox.internal.NewProfileExtensionConnection.start(NewProfileExtensionConnection.java:106)
	at org.openqa.selenium.firefox.FirefoxDriver.startClient(FirefoxDriver.java:251)
	at org.openqa.selenium.remote.RemoteWebDriver.&lt;init&gt;(RemoteWebDriver.java:110)
	at org.openqa.selenium.firefox.FirefoxDriver.&lt;init&gt;(FirefoxDriver.java:195)
	at org.openqa.selenium.firefox.FirefoxDriver.&lt;init&gt;(FirefoxDriver.java:190)
	at org.openqa.selenium.firefox.FirefoxDriver.&lt;init&gt;(FirefoxDriver.java:107)
	at net.thucydides.core.webdriver.WebdriverInstanceFactory.newFirefoxDriver(WebdriverInstanceFactory.java:32)
	at net.thucydides.core.webdriver.WebDriverFactory.firefoxDriver(WebDriverFactory.java:535)
	at net.thucydides.core.webdriver.WebDriverFactory.newWebdriverInstance(WebDriverFactory.java:169)
	at net.thucydides.core.webdriver.WebDriverFacade.newDriverInstance(WebDriverFacade.java:88)
	at net.thucydides.core.webdriver.WebDriverFacade.newProxyDriver(WebDriverFacade.java:82)
	at net.thucydides.core.webdriver.WebDriverFacade.getProxiedDriver(WebDriverFacade.java:54)
	at net.thucydides.core.webdriver.WebDriverFacade.openIgnoringHtmlUnitScriptErrors(WebDriverFacade.java:123)
	at net.thucydides.core.webdriver.WebDriverFacade.get(WebDriverFacade.java:118)
	at net.thucydides.core.pages.PageObject.openPageAtUrl(PageObject.java:732)
	at net.thucydides.core.pages.PageObject.open(PageObject.java:642)
	at net.thucydides.core.pages.PageObject.open(PageObject.java:630)
	at com.bddinaction.flyinghigh.jbehave.flowsteps.AuthenticationFlowSteps.enterEmailAndPasswordFor(AuthenticationFlowSteps.java:17)
	at com.bddinaction.flyinghigh.jbehave.flowsteps.AuthenticationFlowSteps$$EnhancerByCGLIB$$9ae594cd.CGLIB$enterEmailAndPasswordFor$1(&lt;generated&gt;)
	at com.bddinaction.flyinghigh.jbehave.flowsteps.AuthenticationFlowSteps$$EnhancerByCGLIB$$9ae594cd$$FastClassByCGLIB$$e74f7a86.invoke(&lt;generated&gt;)
	at net.sf.cglib.proxy.MethodProxy.invokeSuper(MethodProxy.java:228)
	at net.thucydides.core.steps.StepInterceptor.executeTestStepMethod(StepInterceptor.java:285)
	at net.thucydides.core.steps.StepInterceptor.runTestStep(StepInterceptor.java:261)
	at net.thucydides.core.steps.StepInterceptor.testStepResult(StepInterceptor.java:125)
	at net.thucydides.core.steps.StepInterceptor.intercept(StepInterceptor.java:51)
	at com.bddinaction.flyinghigh.jbehave.flowsteps.AuthenticationFlowSteps$$EnhancerByCGLIB$$9ae594cd.enterEmailAndPasswordFor(&lt;generated&gt;)
	at com.bddinaction.flyinghigh.jbehave.steps.UserAuthenticationSteps.aUserHasLoggedOnAs(UserAuthenticationSteps.java:32)
	at sun.reflect.NativeMethodAccessorImpl.invoke0(Native Method)
	at sun.reflect.NativeMethodAccessorImpl.invoke(NativeMethodAccessorImpl.java:62)
	at sun.reflect.DelegatingMethodAccessorImpl.invoke(DelegatingMethodAccessorImpl.java:43)
	at java.lang.reflect.Method.invoke(Method.java:483)
	at org.jbehave.core.steps.StepCreator$ParameterisedStep.perform(StepCreator.java:569)
	at org.jbehave.core.embedder.StoryRunner$FineSoFar.run(StoryRunner.java:535)
	at org.jbehave.core.embedder.StoryRunner.runStepsWhileKeepingState(StoryRunner.java:515)
	at org.jbehave.core.embedder.StoryRunner.runScenarioSteps(StoryRunner.java:479)
	at org.jbehave.core.embedder.StoryRunner.runStepsWithLifecycle(StoryRunner.java:445)
	at org.jbehave.core.embedder.StoryRunner.runCancellable(StoryRunner.java:305)
	at org.jbehave.core.embedder.StoryRunner.run(StoryRunner.java:220)
	at org.jbehave.core.embedder.StoryRunner.run(StoryRunner.java:181)
	at org.jbehave.core.embedder.StoryManager$EnqueuedStory.call(StoryManager.java:235)
	at org.jbehave.core.embedder.StoryManager$EnqueuedStory.call(StoryManager.java:207)
	at java.util.concurrent.FutureTask.run(FutureTask.java:266)
	at java.util.concurrent.ThreadPoolExecutor.runWorker(ThreadPoolExecutor.java:1142)
	at java.util.concurrent.ThreadPoolExecutor$Worker.run(ThreadPoolExecutor.java:617)
	at java.lang.Thread.run(Thread.java:744)
86944 [pool-1-thread-1] ERROR net.thucydides.core.webdriver.WebDriverFacade - FAILED TO CREATE NEW WEBDRIVER_DRIVER INSTANCE class org.openqa.selenium.firefox.FirefoxDriver: Could not instantiate class org.openqa.selenium.firefox.FirefoxDriver
net.thucydides.core.webdriver.UnsupportedDriverException: Could not instantiate class org.openqa.selenium.firefox.FirefoxDriver
	at net.thucydides.core.webdriver.WebDriverFactory.newWebdriverInstance(WebDriverFactory.java:192)
	at net.thucydides.core.webdriver.WebDriverFacade.newDriverInstance(WebDriverFacade.java:88)
	at net.thucydides.core.webdriver.WebDriverFacade.newProxyDriver(WebDriverFacade.java:82)
	at net.thucydides.core.webdriver.WebDriverFacade.getProxiedDriver(WebDriverFacade.java:54)
	at net.thucydides.core.webdriver.WebDriverFacade.openIgnoringHtmlUnitScriptErrors(WebDriverFacade.java:123)
	at net.thucydides.core.webdriver.WebDriverFacade.get(WebDriverFacade.java:118)
	at net.thucydides.core.pages.PageObject.openPageAtUrl(PageObject.java:732)
	at net.thucydides.core.pages.PageObject.open(PageObject.java:642)
	at net.thucydides.core.pages.PageObject.open(PageObject.java:630)
	at com.bddinaction.flyinghigh.jbehave.flowsteps.AuthenticationFlowSteps.enterEmailAndPasswordFor(AuthenticationFlowSteps.java:17)
	at com.bddinaction.flyinghigh.jbehave.flowsteps.AuthenticationFlowSteps$$EnhancerByCGLIB$$9ae594cd.CGLIB$enterEmailAndPasswordFor$1(&lt;generated&gt;)
	at com.bddinaction.flyinghigh.jbehave.flowsteps.AuthenticationFlowSteps$$EnhancerByCGLIB$$9ae594cd$$FastClassByCGLIB$$e74f7a86.invoke(&lt;generated&gt;)
	at net.sf.cglib.proxy.MethodProxy.invokeSuper(MethodProxy.java:228)
	at net.thucydides.core.steps.StepInterceptor.executeTestStepMethod(StepInterceptor.java:285)
	at net.thucydides.core.steps.StepInterceptor.runTestStep(StepInterceptor.java:261)
	at net.thucydides.core.steps.StepInterceptor.testStepResult(StepInterceptor.java:125)
	at net.thucydides.core.steps.StepInterceptor.intercept(StepInterceptor.java:51)
	at com.bddinaction.flyinghigh.jbehave.flowsteps.AuthenticationFlowSteps$$EnhancerByCGLIB$$9ae594cd.enterEmailAndPasswordFor(&lt;generated&gt;)
	at com.bddinaction.flyinghigh.jbehave.steps.UserAuthenticationSteps.aUserHasLoggedOnAs(UserAuthenticationSteps.java:32)
	at sun.reflect.NativeMethodAccessorImpl.invoke0(Native Method)
	at sun.reflect.NativeMethodAccessorImpl.invoke(NativeMethodAccessorImpl.java:62)
	at sun.reflect.DelegatingMethodAccessorImpl.invoke(DelegatingMethodAccessorImpl.java:43)
	at java.lang.reflect.Method.invoke(Method.java:483)
	at org.jbehave.core.steps.StepCreator$ParameterisedStep.perform(StepCreator.java:569)
	at org.jbehave.core.embedder.StoryRunner$FineSoFar.run(StoryRunner.java:535)
	at org.jbehave.core.embedder.StoryRunner.runStepsWhileKeepingState(StoryRunner.java:515)
	at org.jbehave.core.embedder.StoryRunner.runScenarioSteps(StoryRunner.java:479)
	at org.jbehave.core.embedder.StoryRunner.runStepsWithLifecycle(StoryRunner.java:445)
	at org.jbehave.core.embedder.StoryRunner.runCancellable(StoryRunner.java:305)
	at org.jbehave.core.embedder.StoryRunner.run(StoryRunner.java:220)
	at org.jbehave.core.embedder.StoryRunner.run(StoryRunner.java:181)
	at org.jbehave.core.embedder.StoryManager$EnqueuedStory.call(StoryManager.java:235)
	at org.jbehave.core.embedder.StoryManager$EnqueuedStory.call(StoryManager.java:207)
	at java.util.concurrent.FutureTask.run(FutureTask.java:266)
	at java.util.concurrent.ThreadPoolExecutor.runWorker(ThreadPoolExecutor.java:1142)
	at java.util.concurrent.ThreadPoolExecutor$Worker.run(ThreadPoolExecutor.java:617)
	at java.lang.Thread.run(Thread.java:744)
Caused by: org.openqa.selenium.WebDriverException: Failed to connect to binary FirefoxBinary(/Applications/Firefox.app/Contents/MacOS/firefox-bin) on port 7055; process output follows: 
*** LOG addons.manager: Application has been upgraded
*** LOG addons.xpi: startup
*** LOG addons.xpi: Skipping unavailable install location app-system-share
*** LOG addons.xpi: Ignoring file entry whose name is not a valid add-on ID: /var/folders/z0/4r1wkhdx48j5kd1k5nql6yxm0000gp/T/anonymous6778675275547258210webdriver-profile/extensions/webdriver-staging
*** LOG addons.xpi: checkForChanges
*** LOG addons.xpi: Directory state JSON differs: cache [] state [{&quot;name&quot;:&quot;app-global&quot;,&quot;addons&quot;:{&quot;{972ce4c6-7e08-4474-a285-3208198ce6fd}&quot;:{&quot;descriptor&quot;:&quot;/Applications/Firefox.app/Contents/MacOS/browser/extensions/{972ce4c6-7e08-4474-a285-3208198ce6fd}&quot;,&quot;mtime&quot;:1399678055000,&quot;rdfTime&quot;:1399678054000}}},{&quot;name&quot;:&quot;app-profile&quot;,&quot;addons&quot;:{&quot;fxdriver@googlecode.com&quot;:{&quot;descriptor&quot;:&quot;/var/folders/z0/4r1wkhdx48j5kd1k5nql6yxm0000gp/T/anonymous6778675275547258210webdriver-profile/extensions/fxdriver@googlecode.com&quot;,&quot;mtime&quot;:1404011101000,&quot;rdfTime&quot;:1404011101000}}}]
*** LOG addons.xpi-utils: Opening XPI database /var/folders/z0/4r1wkhdx48j5kd1k5nql6yxm0000gp/T/anonymous6778675275547258210webdriver-profile/extensions.json
*** LOG addons.xpi: New add-on fxdriver@googlecode.com installed in app-profile
*** Blocklist::_loadBlocklistFromFile: blocklist is disabled
*** LOG addons.xpi-utils: Make addon app-profile:fxdriver@googlecode.com visible
*** LOG DeferredSave/extensions.json: Save changes
*** LOG DeferredSave/extensions.json: Save changes
*** LOG addons.xpi: New add-on {972ce4c6-7e08-4474-a285-3208198ce6fd} installed in app-global
*** LOG addons.xpi-utils: Make addon app-global:{972ce4c6-7e08-4474-a285-3208198ce6fd} visible
*** LOG DeferredSave/extensions.json: Save changes
*** LOG DeferredSave/extensions.json: Save changes
*** LOG addons.xpi: Updating database with changes to installed add-ons
*** LOG addons.xpi-utils: Updating add-on states
*** LOG addons.xpi-utils: Writing add-ons list
*** LOG DeferredSave/extensions.json: Starting timer
*** LOG DeferredSave/extensions.json: Starting write
*** LOG addons.manager: shutdown
*** LOG addons.xpi: shutdown
*** LOG addons.xpi-utils: shutdown
*** LOG DeferredSave/extensions.json: Write succeeded
*** LOG addons.xpi-utils: XPI Database saved, setting schema version preference to 16
*** LOG addons.xpi: Notifying XPI shutdown observers
*** LOG addons.manager: Async provider shutdown done
*** LOG addons.xpi: startup
*** LOG addons.xpi: Skipping unavailable install location app-system-share
*** LOG addons.xpi: Ignoring file entry whose name is not a valid add-on ID: /var/folders/z0/4r1wkhdx48j5kd1k5nql6yxm0000gp/T/anonymous6778675275547258210webdriver-profile/extensions/webdriver-staging
*** LOG addons.xpi: checkForChanges
*** LOG addons.xpi: No changes found
*** Blocklist::_loadBlocklistFromFile: blocklist is disabled

Build info: version: &apos;2.35.0&apos;, revision: &apos;8df0c6bedf70ff9f22c647788f9fe9c8d22210e2&apos;, time: &apos;2013-08-17 12:46:41&apos;
System info: os.name: &apos;Mac OS X&apos;, os.arch: &apos;x86_64&apos;, os.version: &apos;10.9.3&apos;, java.version: &apos;1.8.0&apos;
Driver info: driver.version: FirefoxDriver
	at org.openqa.selenium.firefox.internal.NewProfileExtensionConnection.start(NewProfileExtensionConnection.java:118)
	at org.openqa.selenium.firefox.FirefoxDriver.startClient(FirefoxDriver.java:251)
	at org.openqa.selenium.remote.RemoteWebDriver.&lt;init&gt;(RemoteWebDriver.java:110)
	at org.openqa.selenium.firefox.FirefoxDriver.&lt;init&gt;(FirefoxDriver.java:195)
	at org.openqa.selenium.firefox.FirefoxDriver.&lt;init&gt;(FirefoxDriver.java:190)
	at org.openqa.selenium.firefox.FirefoxDriver.&lt;init&gt;(FirefoxDriver.java:107)
	at net.thucydides.core.webdriver.WebdriverInstanceFactory.newFirefoxDriver(WebdriverInstanceFactory.java:32)
	at net.thucydides.core.webdriver.WebDriverFactory.firefoxDriver(WebDriverFactory.java:535)
	at net.thucydides.core.webdriver.WebDriverFactory.newWebdriverInstance(WebDriverFactory.java:169)
	... 36 more
Caused by: org.openqa.selenium.firefox.NotConnectedException: Unable to connect to host 127.0.0.1 on port 7055 after 45000 ms. Firefox console output:
*** LOG addons.manager: Application has been upgraded
*** LOG addons.xpi: startup
*** LOG addons.xpi: Skipping unavailable install location app-system-share
*** LOG addons.xpi: Ignoring file entry whose name is not a valid add-on ID: /var/folders/z0/4r1wkhdx48j5kd1k5nql6yxm0000gp/T/anonymous6778675275547258210webdriver-profile/extensions/webdriver-staging
*** LOG addons.xpi: checkForChanges
*** LOG addons.xpi: Directory state JSON differs: cache [] state [{&quot;name&quot;:&quot;app-global&quot;,&quot;addons&quot;:{&quot;{972ce4c6-7e08-4474-a285-3208198ce6fd}&quot;:{&quot;descriptor&quot;:&quot;/Applications/Firefox.app/Contents/MacOS/browser/extensions/{972ce4c6-7e08-4474-a285-3208198ce6fd}&quot;,&quot;mtime&quot;:1399678055000,&quot;rdfTime&quot;:1399678054000}}},{&quot;name&quot;:&quot;app-profile&quot;,&quot;addons&quot;:{&quot;fxdriver@googlecode.com&quot;:{&quot;descriptor&quot;:&quot;/var/folders/z0/4r1wkhdx48j5kd1k5nql6yxm0000gp/T/anonymous6778675275547258210webdriver-profile/extensions/fxdriver@googlecode.com&quot;,&quot;mtime&quot;:1404011101000,&quot;rdfTime&quot;:1404011101000}}}]
*** LOG addons.xpi-utils: Opening XPI database /var/folders/z0/4r1wkhdx48j5kd1k5nql6yxm0000gp/T/anonymous6778675275547258210webdriver-profile/extensions.json
*** LOG addons.xpi: New add-on fxdriver@googlecode.com installed in app-profile
*** Blocklist::_loadBlocklistFromFile: blocklist is disabled
*** LOG addons.xpi-utils: Make addon app-profile:fxdriver@googlecode.com visible
*** LOG DeferredSave/extensions.json: Save changes
*** LOG DeferredSave/extensions.json: Save changes
*** LOG addons.xpi: New add-on {972ce4c6-7e08-4474-a285-3208198ce6fd} installed in app-global
*** LOG addons.xpi-utils: Make addon app-global:{972ce4c6-7e08-4474-a285-3208198ce6fd} visible
*** LOG DeferredSave/extensions.json: Save changes
*** LOG DeferredSave/extensions.json: Save changes
*** LOG addons.xpi: Updating database with changes to installed add-ons
*** LOG addons.xpi-utils: Updating add-on states
*** LOG addons.xpi-utils: Writing add-ons list
*** LOG DeferredSave/extensions.json: Starting timer
*** LOG DeferredSave/extensions.json: Starting write
*** LOG addons.manager: shutdown
*** LOG addons.xpi: shutdown
*** LOG addons.xpi-utils: shutdown
*** LOG DeferredSave/extensions.json: Write succeeded
*** LOG addons.xpi-utils: XPI Database saved, setting schema version preference to 16
*** LOG addons.xpi: Notifying XPI shutdown observers
*** LOG addons.manager: Async provider shutdown done
*** LOG addons.xpi: startup
*** LOG addons.xpi: Skipping unavailable install location app-system-share
*** LOG addons.xpi: Ignoring file entry whose name is not a valid add-on ID: /var/folders/z0/4r1wkhdx48j5kd1k5nql6yxm0000gp/T/anonymous6778675275547258210webdriver-profile/extensions/webdriver-staging
*** LOG addons.xpi: checkForChanges
*** LOG addons.xpi: No changes found
*** Blocklist::_loadBlocklistFromFile: blocklist is disabled

	at org.openqa.selenium.firefox.internal.NewProfileExtensionConnection.start(NewProfileExtensionConnection.java:106)
	... 44 more
</system-err>
  </testcase>
  <testcase classname="com.bddinaction.flyinghigh.jbehave.steps.UserAuthenticationSteps" name="When Jane views the home page" time="52.626">
    <skipped/>
  </testcase>
  <testcase classname="com.bddinaction.flyinghigh.jbehave.steps.FeaturedDestinationSteps" name="Then she should see 3 featured destinations" time="52.627">
    <skipped/>
  </testcase>
  <testcase classname="com.bddinaction.flyinghigh.jbehave.steps.FeaturedDestinationSteps" name="And the featured destinations should include Singapore costing 900" time="52.628">
    <skipped/>
  </testcase>
  <testcase classname="com.bddinaction.flyinghigh.jbehave.steps.BookingAFlightSteps" name="Given I want to book a flight" time="45.804">
    <error message="Could not instantiate class org.openqa.selenium.firefox.FirefoxDriver" type="net.thucydides.core.webdriver.UnsupportedDriverException">net.thucydides.core.webdriver.UnsupportedDriverException: Could not instantiate class org.openqa.selenium.firefox.FirefoxDriver
	at net.thucydides.core.webdriver.WebDriverFacade.newDriverInstance(WebDriverFacade.java:91)
	at net.thucydides.core.webdriver.WebDriverFacade.newProxyDriver(WebDriverFacade.java:82)
	at net.thucydides.core.webdriver.WebDriverFacade.getProxiedDriver(WebDriverFacade.java:54)
	at net.thucydides.core.webdriver.WebDriverFacade.openIgnoringHtmlUnitScriptErrors(WebDriverFacade.java:123)
	at net.thucydides.core.webdriver.WebDriverFacade.get(WebDriverFacade.java:118)
	at net.thucydides.core.pages.PageObject.openPageAtUrl(PageObject.java:732)
	at net.thucydides.core.pages.PageObject.open(PageObject.java:642)
	at net.thucydides.core.pages.PageObject.open(PageObject.java:630)
	at com.bddinaction.flyinghigh.jbehave.flowsteps.TravellerFlowSteps.navigateToFlightBookings(TravellerFlowSteps.java:18)
	at com.bddinaction.flyinghigh.jbehave.flowsteps.TravellerFlowSteps$$EnhancerByCGLIB$$7363dd7e.CGLIB$navigateToFlightBookings$0(&lt;generated&gt;)
	at com.bddinaction.flyinghigh.jbehave.flowsteps.TravellerFlowSteps$$EnhancerByCGLIB$$7363dd7e$$FastClassByCGLIB$$7446f886.invoke(&lt;generated&gt;)
	at net.sf.cglib.proxy.MethodProxy.invokeSuper(MethodProxy.java:228)
	at net.thucydides.core.steps.StepInterceptor.executeTestStepMethod(StepInterceptor.java:285)
	at net.thucydides.core.steps.StepInterceptor.runTestStep(StepInterceptor.java:261)
	at net.thucydides.core.steps.StepInterceptor.testStepResult(StepInterceptor.java:125)
	at net.thucydides.core.steps.StepInterceptor.intercept(StepInterceptor.java:51)
	at com.bddinaction.flyinghigh.jbehave.flowsteps.TravellerFlowSteps$$EnhancerByCGLIB$$7363dd7e.navigateToFlightBookings(&lt;generated&gt;)
	at com.bddinaction.flyinghigh.jbehave.steps.BookingAFlightSteps.givenIWantToBookAFlight(BookingAFlightSteps.java:21)
	at sun.reflect.NativeMethodAccessorImpl.invoke0(Native Method)
	at sun.reflect.NativeMethodAccessorImpl.invoke(NativeMethodAccessorImpl.java:62)
	at sun.reflect.DelegatingMethodAccessorImpl.invoke(DelegatingMethodAccessorImpl.java:43)
	at java.lang.reflect.Method.invoke(Method.java:483)
	at org.jbehave.core.steps.StepCreator$ParameterisedStep.perform(StepCreator.java:569)
	at org.jbehave.core.embedder.StoryRunner$FineSoFar.run(StoryRunner.java:535)
	at org.jbehave.core.embedder.StoryRunner.runStepsWhileKeepingState(StoryRunner.java:515)
	at org.jbehave.core.embedder.StoryRunner.runScenarioSteps(StoryRunner.java:479)
	at org.jbehave.core.embedder.StoryRunner.runStepsWithLifecycle(StoryRunner.java:445)
	at org.jbehave.core.embedder.StoryRunner.runCancellable(StoryRunner.java:305)
	at org.jbehave.core.embedder.StoryRunner.run(StoryRunner.java:220)
	at org.jbehave.core.embedder.StoryRunner.run(StoryRunner.java:181)
	at org.jbehave.core.embedder.StoryManager$EnqueuedStory.call(StoryManager.java:235)
	at org.jbehave.core.embedder.StoryManager$EnqueuedStory.call(StoryManager.java:207)
	at java.util.concurrent.FutureTask.run(FutureTask.java:266)
	at java.util.concurrent.ThreadPoolExecutor.runWorker(ThreadPoolExecutor.java:1142)
	at java.util.concurrent.ThreadPoolExecutor$Worker.run(ThreadPoolExecutor.java:617)
	at java.lang.Thread.run(Thread.java:744)
Caused by: net.thucydides.core.webdriver.UnsupportedDriverException: Could not instantiate class org.openqa.selenium.firefox.FirefoxDriver
	at net.thucydides.core.webdriver.WebDriverFactory.newWebdriverInstance(WebDriverFactory.java:192)
	at net.thucydides.core.webdriver.WebDriverFacade.newDriverInstance(WebDriverFacade.java:88)
	... 35 more
Caused by: org.openqa.selenium.WebDriverException: Failed to connect to binary FirefoxBinary(/Applications/Firefox.app/Contents/MacOS/firefox-bin) on port 7055; process output follows: 
*** LOG addons.manager: Application has been upgraded
*** LOG addons.xpi: startup
*** LOG addons.xpi: Skipping unavailable install location app-system-share
*** LOG addons.xpi: Ignoring file entry whose name is not a valid add-on ID: /var/folders/z0/4r1wkhdx48j5kd1k5nql6yxm0000gp/T/anonymous3289356048381574557webdriver-profile/extensions/webdriver-staging
*** LOG addons.xpi: checkForChanges
*** LOG addons.xpi: Directory state JSON differs: cache [] state [{&quot;name&quot;:&quot;app-global&quot;,&quot;addons&quot;:{&quot;{972ce4c6-7e08-4474-a285-3208198ce6fd}&quot;:{&quot;descriptor&quot;:&quot;/Applications/Firefox.app/Contents/MacOS/browser/extensions/{972ce4c6-7e08-4474-a285-3208198ce6fd}&quot;,&quot;mtime&quot;:1399678055000,&quot;rdfTime&quot;:1399678054000}}},{&quot;name&quot;:&quot;app-profile&quot;,&quot;addons&quot;:{&quot;fxdriver@googlecode.com&quot;:{&quot;descriptor&quot;:&quot;/var/folders/z0/4r1wkhdx48j5kd1k5nql6yxm0000gp/T/anonymous3289356048381574557webdriver-profile/extensions/fxdriver@googlecode.com&quot;,&quot;mtime&quot;:1404011150000,&quot;rdfTime&quot;:1404011150000}}}]
*** LOG addons.xpi-utils: Opening XPI database /var/folders/z0/4r1wkhdx48j5kd1k5nql6yxm0000gp/T/anonymous3289356048381574557webdriver-profile/extensions.json
*** LOG addons.xpi: New add-on fxdriver@googlecode.com installed in app-profile
*** Blocklist::_loadBlocklistFromFile: blocklist is disabled
*** LOG addons.xpi-utils: Make addon app-profile:fxdriver@googlecode.com visible
*** LOG DeferredSave/extensions.json: Save changes
*** LOG DeferredSave/extensions.json: Save changes
*** LOG addons.xpi: New add-on {972ce4c6-7e08-4474-a285-3208198ce6fd} installed in app-global
*** LOG addons.xpi-utils: Make addon app-global:{972ce4c6-7e08-4474-a285-3208198ce6fd} visible
*** LOG DeferredSave/extensions.json: Save changes
*** LOG DeferredSave/extensions.json: Save changes
*** LOG addons.xpi: Updating database with changes to installed add-ons
*** LOG addons.xpi-utils: Updating add-on states
*** LOG addons.xpi-utils: Writing add-ons list
*** LOG DeferredSave/extensions.json: Starting timer
*** LOG DeferredSave/extensions.json: Starting write
*** LOG addons.manager: shutdown
*** LOG addons.xpi: shutdown
*** LOG addons.xpi-utils: shutdown
*** LOG DeferredSave/extensions.json: Write succeeded
*** LOG addons.xpi-utils: XPI Database saved, setting schema version preference to 16
*** LOG addons.xpi: Notifying XPI shutdown observers
*** LOG addons.manager: Async provider shutdown done
System JS : ERROR resource://gre/modules/BookmarkHTMLUtils.jsm:798 - NS_ERROR_UNEXPECTED: Component returned failure code: 0x8000ffff (NS_ERROR_UNEXPECTED) [nsINavBookmarksService.removeFolderChildren]
System JS : ERROR resource://app/components/nsBrowserGlue.js:1665 - NS_ERROR_UNEXPECTED: Component returned failure code: 0x8000ffff (NS_ERROR_UNEXPECTED) [nsIAnnotationService.getItemsWithAnnotation]
System JS : ERROR resource://gre/modules/BookmarkHTMLUtils.jsm:798 - NS_ERROR_UNEXPECTED: Component returned failure code: 0x8000ffff (NS_ERROR_UNEXPECTED) [nsINavBookmarksService.removeFolderChildren]
*** LOG addons.xpi: startup
*** LOG addons.xpi: Skipping unavailable install location app-system-share
*** LOG addons.xpi: Ignoring file entry whose name is not a valid add-on ID: /var/folders/z0/4r1wkhdx48j5kd1k5nql6yxm0000gp/T/anonymous3289356048381574557webdriver-profile/extensions/webdriver-staging
*** LOG addons.xpi: checkForChanges
*** LOG addons.xpi: No changes found
*** Blocklist::_loadBlocklistFromFile: blocklist is disabled

Build info: version: &apos;2.35.0&apos;, revision: &apos;8df0c6bedf70ff9f22c647788f9fe9c8d22210e2&apos;, time: &apos;2013-08-17 12:46:41&apos;
System info: os.name: &apos;Mac OS X&apos;, os.arch: &apos;x86_64&apos;, os.version: &apos;10.9.3&apos;, java.version: &apos;1.8.0&apos;
Driver info: driver.version: FirefoxDriver
	at org.openqa.selenium.firefox.internal.NewProfileExtensionConnection.start(NewProfileExtensionConnection.java:118)
	at org.openqa.selenium.firefox.FirefoxDriver.startClient(FirefoxDriver.java:251)
	at org.openqa.selenium.remote.RemoteWebDriver.&lt;init&gt;(RemoteWebDriver.java:110)
	at org.openqa.selenium.firefox.FirefoxDriver.&lt;init&gt;(FirefoxDriver.java:195)
	at org.openqa.selenium.firefox.FirefoxDriver.&lt;init&gt;(FirefoxDriver.java:190)
	at org.openqa.selenium.firefox.FirefoxDriver.&lt;init&gt;(FirefoxDriver.java:107)
	at net.thucydides.core.webdriver.WebdriverInstanceFactory.newFirefoxDriver(WebdriverInstanceFactory.java:32)
	at net.thucydides.core.webdriver.WebDriverFactory.firefoxDriver(WebDriverFactory.java:535)
	at net.thucydides.core.webdriver.WebDriverFactory.newWebdriverInstance(WebDriverFactory.java:169)
	... 36 more
Caused by: org.openqa.selenium.firefox.NotConnectedException: Unable to connect to host 127.0.0.1 on port 7055 after 45000 ms. Firefox console output:
*** LOG addons.manager: Application has been upgraded
*** LOG addons.xpi: startup
*** LOG addons.xpi: Skipping unavailable install location app-system-share
*** LOG addons.xpi: Ignoring file entry whose name is not a valid add-on ID: /var/folders/z0/4r1wkhdx48j5kd1k5nql6yxm0000gp/T/anonymous3289356048381574557webdriver-profile/extensions/webdriver-staging
*** LOG addons.xpi: checkForChanges
*** LOG addons.xpi: Directory state JSON differs: cache [] state [{&quot;name&quot;:&quot;app-global&quot;,&quot;addons&quot;:{&quot;{972ce4c6-7e08-4474-a285-3208198ce6fd}&quot;:{&quot;descriptor&quot;:&quot;/Applications/Firefox.app/Contents/MacOS/browser/extensions/{972ce4c6-7e08-4474-a285-3208198ce6fd}&quot;,&quot;mtime&quot;:1399678055000,&quot;rdfTime&quot;:1399678054000}}},{&quot;name&quot;:&quot;app-profile&quot;,&quot;addons&quot;:{&quot;fxdriver@googlecode.com&quot;:{&quot;descriptor&quot;:&quot;/var/folders/z0/4r1wkhdx48j5kd1k5nql6yxm0000gp/T/anonymous3289356048381574557webdriver-profile/extensions/fxdriver@googlecode.com&quot;,&quot;mtime&quot;:1404011150000,&quot;rdfTime&quot;:1404011150000}}}]
*** LOG addons.xpi-utils: Opening XPI database /var/folders/z0/4r1wkhdx48j5kd1k5nql6yxm0000gp/T/anonymous3289356048381574557webdriver-profile/extensions.json
*** LOG addons.xpi: New add-on fxdriver@googlecode.com installed in app-profile
*** Blocklist::_loadBlocklistFromFile: blocklist is disabled
*** LOG addons.xpi-utils: Make addon app-profile:fxdriver@googlecode.com visible
*** LOG DeferredSave/extensions.json: Save changes
*** LOG DeferredSave/extensions.json: Save changes
*** LOG addons.xpi: New add-on {972ce4c6-7e08-4474-a285-3208198ce6fd} installed in app-global
*** LOG addons.xpi-utils: Make addon app-global:{972ce4c6-7e08-4474-a285-3208198ce6fd} visible
*** LOG DeferredSave/extensions.json: Save changes
*** LOG DeferredSave/extensions.json: Save changes
*** LOG addons.xpi: Updating database with changes to installed add-ons
*** LOG addons.xpi-utils: Updating add-on states
*** LOG addons.xpi-utils: Writing add-ons list
*** LOG DeferredSave/extensions.json: Starting timer
*** LOG DeferredSave/extensions.json: Starting write
*** LOG addons.manager: shutdown
*** LOG addons.xpi: shutdown
*** LOG addons.xpi-utils: shutdown
*** LOG DeferredSave/extensions.json: Write succeeded
*** LOG addons.xpi-utils: XPI Database saved, setting schema version preference to 16
*** LOG addons.xpi: Notifying XPI shutdown observers
*** LOG addons.manager: Async provider shutdown done
System JS : ERROR resource://gre/modules/BookmarkHTMLUtils.jsm:798 - NS_ERROR_UNEXPECTED: Component returned failure code: 0x8000ffff (NS_ERROR_UNEXPECTED) [nsINavBookmarksService.removeFolderChildren]
System JS : ERROR resource://app/components/nsBrowserGlue.js:1665 - NS_ERROR_UNEXPECTED: Component returned failure code: 0x8000ffff (NS_ERROR_UNEXPECTED) [nsIAnnotationService.getItemsWithAnnotation]
System JS : ERROR resource://gre/modules/BookmarkHTMLUtils.jsm:798 - NS_ERROR_UNEXPECTED: Component returned failure code: 0x8000ffff (NS_ERROR_UNEXPECTED) [nsINavBookmarksService.removeFolderChildren]
*** LOG addons.xpi: startup
*** LOG addons.xpi: Skipping unavailable install location app-system-share
*** LOG addons.xpi: Ignoring file entry whose name is not a valid add-on ID: /var/folders/z0/4r1wkhdx48j5kd1k5nql6yxm0000gp/T/anonymous3289356048381574557webdriver-profile/extensions/webdriver-staging
*** LOG addons.xpi: checkForChanges
*** LOG addons.xpi: No changes found
*** Blocklist::_loadBlocklistFromFile: blocklist is disabled

	at org.openqa.selenium.firefox.internal.NewProfileExtensionConnection.start(NewProfileExtensionConnection.java:106)
	... 44 more
</error>
    <system-out>
net.thucydides.core.webdriver.UnsupportedDriverException: Could not instantiate class org.openqa.selenium.firefox.FirefoxDriver
	at net.thucydides.core.webdriver.WebDriverFacade.newDriverInstance(WebDriverFacade.java:91)
	at net.thucydides.core.webdriver.WebDriverFacade.newProxyDriver(WebDriverFacade.java:82)
	at net.thucydides.core.webdriver.WebDriverFacade.getProxiedDriver(WebDriverFacade.java:54)
	at net.thucydides.core.webdriver.WebDriverFacade.openIgnoringHtmlUnitScriptErrors(WebDriverFacade.java:123)
	at net.thucydides.core.webdriver.WebDriverFacade.get(WebDriverFacade.java:118)
	at net.thucydides.core.pages.PageObject.openPageAtUrl(PageObject.java:732)
	at net.thucydides.core.pages.PageObject.open(PageObject.java:642)
	at net.thucydides.core.pages.PageObject.open(PageObject.java:630)
	at com.bddinaction.flyinghigh.jbehave.flowsteps.AuthenticationFlowSteps.enterEmailAndPasswordFor(AuthenticationFlowSteps.java:17)
	at com.bddinaction.flyinghigh.jbehave.flowsteps.AuthenticationFlowSteps$$EnhancerByCGLIB$$9ae594cd.CGLIB$enterEmailAndPasswordFor$1(&lt;generated&gt;)
	at com.bddinaction.flyinghigh.jbehave.flowsteps.AuthenticationFlowSteps$$EnhancerByCGLIB$$9ae594cd$$FastClassByCGLIB$$e74f7a86.invoke(&lt;generated&gt;)
	at net.sf.cglib.proxy.MethodProxy.invokeSuper(MethodProxy.java:228)
	at net.thucydides.core.steps.StepInterceptor.executeTestStepMethod(StepInterceptor.java:285)
	at net.thucydides.core.steps.StepInterceptor.runTestStep(StepInterceptor.java:261)
	at net.thucydides.core.steps.StepInterceptor.testStepResult(StepInterceptor.java:125)
	at net.thucydides.core.steps.StepInterceptor.intercept(StepInterceptor.java:51)
	at com.bddinaction.flyinghigh.jbehave.flowsteps.AuthenticationFlowSteps$$EnhancerByCGLIB$$9ae594cd.enterEmailAndPasswordFor(&lt;generated&gt;)
	at com.bddinaction.flyinghigh.jbehave.steps.UserAuthenticationSteps.aUserHasLoggedOnAs(UserAuthenticationSteps.java:32)
	(reflection-invoke)
	at org.jbehave.core.steps.StepCreator$ParameterisedStep.perform(StepCreator.java:569)
	at org.jbehave.core.embedder.StoryRunner$FineSoFar.run(StoryRunner.java:535)
...
Scenario: Viewing available flights
Given I want to book a flight (FAILED)
(net.thucydides.core.webdriver.UnsupportedDriverException: Could not instantiate class org.openqa.selenium.firefox.FirefoxDriver)
</system-out>
    <system-err>89469 [pool-1-thread-1] INFO net.thucydides.core.Thucydides - 
  _____ _____ ____ _____   ____ _____  _    ____ _____ _____ ____  
 |_   _| ____/ ___|_   _| / ___|_   _|/ \  |  _ \_   _| ____|  _ \ 
   | | |  _| \___ \ | |   \___ \ | | / _ \ | |_) || | |  _| | | | |
   | | | |___ ___) || |    ___) || |/ ___ \|  _ &lt; | | | |___| |_| |
   |_| |_____|____/ |_|   |____/ |_/_/   \_\_| \_\|_| |_____|____/ 
                                                                   

TEST STARTED: Viewing available flights
--------------------------------------------------------------------
89485 [pool-1-thread-1] INFO net.thucydides.core.steps.StepInterceptor - STARTING STEP: navigateToFlightBookings
org.openqa.selenium.firefox.NotConnectedException: Unable to connect to host 127.0.0.1 on port 7055 after 45000 ms. Firefox console output:
*** LOG addons.manager: Application has been upgraded
*** LOG addons.xpi: startup
*** LOG addons.xpi: Skipping unavailable install location app-system-share
*** LOG addons.xpi: Ignoring file entry whose name is not a valid add-on ID: /var/folders/z0/4r1wkhdx48j5kd1k5nql6yxm0000gp/T/anonymous3289356048381574557webdriver-profile/extensions/webdriver-staging
*** LOG addons.xpi: checkForChanges
*** LOG addons.xpi: Directory state JSON differs: cache [] state [{&quot;name&quot;:&quot;app-global&quot;,&quot;addons&quot;:{&quot;{972ce4c6-7e08-4474-a285-3208198ce6fd}&quot;:{&quot;descriptor&quot;:&quot;/Applications/Firefox.app/Contents/MacOS/browser/extensions/{972ce4c6-7e08-4474-a285-3208198ce6fd}&quot;,&quot;mtime&quot;:1399678055000,&quot;rdfTime&quot;:1399678054000}}},{&quot;name&quot;:&quot;app-profile&quot;,&quot;addons&quot;:{&quot;fxdriver@googlecode.com&quot;:{&quot;descriptor&quot;:&quot;/var/folders/z0/4r1wkhdx48j5kd1k5nql6yxm0000gp/T/anonymous3289356048381574557webdriver-profile/extensions/fxdriver@googlecode.com&quot;,&quot;mtime&quot;:1404011150000,&quot;rdfTime&quot;:1404011150000}}}]
*** LOG addons.xpi-utils: Opening XPI database /var/folders/z0/4r1wkhdx48j5kd1k5nql6yxm0000gp/T/anonymous3289356048381574557webdriver-profile/extensions.json
*** LOG addons.xpi: New add-on fxdriver@googlecode.com installed in app-profile
*** Blocklist::_loadBlocklistFromFile: blocklist is disabled
*** LOG addons.xpi-utils: Make addon app-profile:fxdriver@googlecode.com visible
*** LOG DeferredSave/extensions.json: Save changes
*** LOG DeferredSave/extensions.json: Save changes
*** LOG addons.xpi: New add-on {972ce4c6-7e08-4474-a285-3208198ce6fd} installed in app-global
*** LOG addons.xpi-utils: Make addon app-global:{972ce4c6-7e08-4474-a285-3208198ce6fd} visible
*** LOG DeferredSave/extensions.json: Save changes
*** LOG DeferredSave/extensions.json: Save changes
*** LOG addons.xpi: Updating database with changes to installed add-ons
*** LOG addons.xpi-utils: Updating add-on states
*** LOG addons.xpi-utils: Writing add-ons list
*** LOG DeferredSave/extensions.json: Starting timer
*** LOG DeferredSave/extensions.json: Starting write
*** LOG addons.manager: shutdown
*** LOG addons.xpi: shutdown
*** LOG addons.xpi-utils: shutdown
*** LOG DeferredSave/extensions.json: Write succeeded
*** LOG addons.xpi-utils: XPI Database saved, setting schema version preference to 16
*** LOG addons.xpi: Notifying XPI shutdown observers
*** LOG addons.manager: Async provider shutdown done
System JS : ERROR resource://gre/modules/BookmarkHTMLUtils.jsm:798 - NS_ERROR_UNEXPECTED: Component returned failure code: 0x8000ffff (NS_ERROR_UNEXPECTED) [nsINavBookmarksService.removeFolderChildren]
System JS : ERROR resource://app/components/nsBrowserGlue.js:1665 - NS_ERROR_UNEXPECTED: Component returned failure code: 0x8000ffff (NS_ERROR_UNEXPECTED) [nsIAnnotationService.getItemsWithAnnotation]
System JS : ERROR resource://gre/modules/BookmarkHTMLUtils.jsm:798 - NS_ERROR_UNEXPECTED: Component returned failure code: 0x8000ffff (NS_ERROR_UNEXPECTED) [nsINavBookmarksService.removeFolderChildren]
*** LOG addons.xpi: startup
*** LOG addons.xpi: Skipping unavailable install location app-system-share
*** LOG addons.xpi: Ignoring file entry whose name is not a valid add-on ID: /var/folders/z0/4r1wkhdx48j5kd1k5nql6yxm0000gp/T/anonymous3289356048381574557webdriver-profile/extensions/webdriver-staging
*** LOG addons.xpi: checkForChanges
*** LOG addons.xpi: No changes found
*** Blocklist::_loadBlocklistFromFile: blocklist is disabled

	at org.openqa.selenium.firefox.internal.NewProfileExtensionConnection.start(NewProfileExtensionConnection.java:106)
	at org.openqa.selenium.firefox.FirefoxDriver.startClient(FirefoxDriver.java:251)
	at org.openqa.selenium.remote.RemoteWebDriver.&lt;init&gt;(RemoteWebDriver.java:110)
	at org.openqa.selenium.firefox.FirefoxDriver.&lt;init&gt;(FirefoxDriver.java:195)
	at org.openqa.selenium.firefox.FirefoxDriver.&lt;init&gt;(FirefoxDriver.java:190)
	at org.openqa.selenium.firefox.FirefoxDriver.&lt;init&gt;(FirefoxDriver.java:107)
	at net.thucydides.core.webdriver.WebdriverInstanceFactory.newFirefoxDriver(WebdriverInstanceFactory.java:32)
	at net.thucydides.core.webdriver.WebDriverFactory.firefoxDriver(WebDriverFactory.java:535)
	at net.thucydides.core.webdriver.WebDriverFactory.newWebdriverInstance(WebDriverFactory.java:169)
	at net.thucydides.core.webdriver.WebDriverFacade.newDriverInstance(WebDriverFacade.java:88)
	at net.thucydides.core.webdriver.WebDriverFacade.newProxyDriver(WebDriverFacade.java:82)
	at net.thucydides.core.webdriver.WebDriverFacade.getProxiedDriver(WebDriverFacade.java:54)
	at net.thucydides.core.webdriver.WebDriverFacade.openIgnoringHtmlUnitScriptErrors(WebDriverFacade.java:123)
	at net.thucydides.core.webdriver.WebDriverFacade.get(WebDriverFacade.java:118)
	at net.thucydides.core.pages.PageObject.openPageAtUrl(PageObject.java:732)
	at net.thucydides.core.pages.PageObject.open(PageObject.java:642)
	at net.thucydides.core.pages.PageObject.open(PageObject.java:630)
	at com.bddinaction.flyinghigh.jbehave.flowsteps.TravellerFlowSteps.navigateToFlightBookings(TravellerFlowSteps.java:18)
	at com.bddinaction.flyinghigh.jbehave.flowsteps.TravellerFlowSteps$$EnhancerByCGLIB$$7363dd7e.CGLIB$navigateToFlightBookings$0(&lt;generated&gt;)
	at com.bddinaction.flyinghigh.jbehave.flowsteps.TravellerFlowSteps$$EnhancerByCGLIB$$7363dd7e$$FastClassByCGLIB$$7446f886.invoke(&lt;generated&gt;)
	at net.sf.cglib.proxy.MethodProxy.invokeSuper(MethodProxy.java:228)
	at net.thucydides.core.steps.StepInterceptor.executeTestStepMethod(StepInterceptor.java:285)
	at net.thucydides.core.steps.StepInterceptor.runTestStep(StepInterceptor.java:261)
	at net.thucydides.core.steps.StepInterceptor.testStepResult(StepInterceptor.java:125)
	at net.thucydides.core.steps.StepInterceptor.intercept(StepInterceptor.java:51)
	at com.bddinaction.flyinghigh.jbehave.flowsteps.TravellerFlowSteps$$EnhancerByCGLIB$$7363dd7e.navigateToFlightBookings(&lt;generated&gt;)
	at com.bddinaction.flyinghigh.jbehave.steps.BookingAFlightSteps.givenIWantToBookAFlight(BookingAFlightSteps.java:21)
	at sun.reflect.NativeMethodAccessorImpl.invoke0(Native Method)
	at sun.reflect.NativeMethodAccessorImpl.invoke(NativeMethodAccessorImpl.java:62)
	at sun.reflect.DelegatingMethodAccessorImpl.invoke(DelegatingMethodAccessorImpl.java:43)
	at java.lang.reflect.Method.invoke(Method.java:483)
	at org.jbehave.core.steps.StepCreator$ParameterisedStep.perform(StepCreator.java:569)
	at org.jbehave.core.embedder.StoryRunner$FineSoFar.run(StoryRunner.java:535)
	at org.jbehave.core.embedder.StoryRunner.runStepsWhileKeepingState(StoryRunner.java:515)
	at org.jbehave.core.embedder.StoryRunner.runScenarioSteps(StoryRunner.java:479)
	at org.jbehave.core.embedder.StoryRunner.runStepsWithLifecycle(StoryRunner.java:445)
	at org.jbehave.core.embedder.StoryRunner.runCancellable(StoryRunner.java:305)
	at org.jbehave.core.embedder.StoryRunner.run(StoryRunner.java:220)
	at org.jbehave.core.embedder.StoryRunner.run(StoryRunner.java:181)
	at org.jbehave.core.embedder.StoryManager$EnqueuedStory.call(StoryManager.java:235)
	at org.jbehave.core.embedder.StoryManager$EnqueuedStory.call(StoryManager.java:207)
	at java.util.concurrent.FutureTask.run(FutureTask.java:266)
	at java.util.concurrent.ThreadPoolExecutor.runWorker(ThreadPoolExecutor.java:1142)
	at java.util.concurrent.ThreadPoolExecutor$Worker.run(ThreadPoolExecutor.java:617)
	at java.lang.Thread.run(Thread.java:744)
135269 [pool-1-thread-1] ERROR net.thucydides.core.webdriver.WebDriverFacade - FAILED TO CREATE NEW WEBDRIVER_DRIVER INSTANCE class org.openqa.selenium.firefox.FirefoxDriver: Could not instantiate class org.openqa.selenium.firefox.FirefoxDriver
net.thucydides.core.webdriver.UnsupportedDriverException: Could not instantiate class org.openqa.selenium.firefox.FirefoxDriver
	at net.thucydides.core.webdriver.WebDriverFactory.newWebdriverInstance(WebDriverFactory.java:192)
	at net.thucydides.core.webdriver.WebDriverFacade.newDriverInstance(WebDriverFacade.java:88)
	at net.thucydides.core.webdriver.WebDriverFacade.newProxyDriver(WebDriverFacade.java:82)
	at net.thucydides.core.webdriver.WebDriverFacade.getProxiedDriver(WebDriverFacade.java:54)
	at net.thucydides.core.webdriver.WebDriverFacade.openIgnoringHtmlUnitScriptErrors(WebDriverFacade.java:123)
	at net.thucydides.core.webdriver.WebDriverFacade.get(WebDriverFacade.java:118)
	at net.thucydides.core.pages.PageObject.openPageAtUrl(PageObject.java:732)
	at net.thucydides.core.pages.PageObject.open(PageObject.java:642)
	at net.thucydides.core.pages.PageObject.open(PageObject.java:630)
	at com.bddinaction.flyinghigh.jbehave.flowsteps.TravellerFlowSteps.navigateToFlightBookings(TravellerFlowSteps.java:18)
	at com.bddinaction.flyinghigh.jbehave.flowsteps.TravellerFlowSteps$$EnhancerByCGLIB$$7363dd7e.CGLIB$navigateToFlightBookings$0(&lt;generated&gt;)
	at com.bddinaction.flyinghigh.jbehave.flowsteps.TravellerFlowSteps$$EnhancerByCGLIB$$7363dd7e$$FastClassByCGLIB$$7446f886.invoke(&lt;generated&gt;)
	at net.sf.cglib.proxy.MethodProxy.invokeSuper(MethodProxy.java:228)
	at net.thucydides.core.steps.StepInterceptor.executeTestStepMethod(StepInterceptor.java:285)
	at net.thucydides.core.steps.StepInterceptor.runTestStep(StepInterceptor.java:261)
	at net.thucydides.core.steps.StepInterceptor.testStepResult(StepInterceptor.java:125)
	at net.thucydides.core.steps.StepInterceptor.intercept(StepInterceptor.java:51)
	at com.bddinaction.flyinghigh.jbehave.flowsteps.TravellerFlowSteps$$EnhancerByCGLIB$$7363dd7e.navigateToFlightBookings(&lt;generated&gt;)
	at com.bddinaction.flyinghigh.jbehave.steps.BookingAFlightSteps.givenIWantToBookAFlight(BookingAFlightSteps.java:21)
	at sun.reflect.NativeMethodAccessorImpl.invoke0(Native Method)
	at sun.reflect.NativeMethodAccessorImpl.invoke(NativeMethodAccessorImpl.java:62)
	at sun.reflect.DelegatingMethodAccessorImpl.invoke(DelegatingMethodAccessorImpl.java:43)
	at java.lang.reflect.Method.invoke(Method.java:483)
	at org.jbehave.core.steps.StepCreator$ParameterisedStep.perform(StepCreator.java:569)
	at org.jbehave.core.embedder.StoryRunner$FineSoFar.run(StoryRunner.java:535)
	at org.jbehave.core.embedder.StoryRunner.runStepsWhileKeepingState(StoryRunner.java:515)
	at org.jbehave.core.embedder.StoryRunner.runScenarioSteps(StoryRunner.java:479)
	at org.jbehave.core.embedder.StoryRunner.runStepsWithLifecycle(StoryRunner.java:445)
	at org.jbehave.core.embedder.StoryRunner.runCancellable(StoryRunner.java:305)
	at org.jbehave.core.embedder.StoryRunner.run(StoryRunner.java:220)
	at org.jbehave.core.embedder.StoryRunner.run(StoryRunner.java:181)
	at org.jbehave.core.embedder.StoryManager$EnqueuedStory.call(StoryManager.java:235)
	at org.jbehave.core.embedder.StoryManager$EnqueuedStory.call(StoryManager.java:207)
	at java.util.concurrent.FutureTask.run(FutureTask.java:266)
	at java.util.concurrent.ThreadPoolExecutor.runWorker(ThreadPoolExecutor.java:1142)
	at java.util.concurrent.ThreadPoolExecutor$Worker.run(ThreadPoolExecutor.java:617)
	at java.lang.Thread.run(Thread.java:744)
Caused by: org.openqa.selenium.WebDriverException: Failed to connect to binary FirefoxBinary(/Applications/Firefox.app/Contents/MacOS/firefox-bin) on port 7055; process output follows: 
*** LOG addons.manager: Application has been upgraded
*** LOG addons.xpi: startup
*** LOG addons.xpi: Skipping unavailable install location app-system-share
*** LOG addons.xpi: Ignoring file entry whose name is not a valid add-on ID: /var/folders/z0/4r1wkhdx48j5kd1k5nql6yxm0000gp/T/anonymous3289356048381574557webdriver-profile/extensions/webdriver-staging
*** LOG addons.xpi: checkForChanges
*** LOG addons.xpi: Directory state JSON differs: cache [] state [{&quot;name&quot;:&quot;app-global&quot;,&quot;addons&quot;:{&quot;{972ce4c6-7e08-4474-a285-3208198ce6fd}&quot;:{&quot;descriptor&quot;:&quot;/Applications/Firefox.app/Contents/MacOS/browser/extensions/{972ce4c6-7e08-4474-a285-3208198ce6fd}&quot;,&quot;mtime&quot;:1399678055000,&quot;rdfTime&quot;:1399678054000}}},{&quot;name&quot;:&quot;app-profile&quot;,&quot;addons&quot;:{&quot;fxdriver@googlecode.com&quot;:{&quot;descriptor&quot;:&quot;/var/folders/z0/4r1wkhdx48j5kd1k5nql6yxm0000gp/T/anonymous3289356048381574557webdriver-profile/extensions/fxdriver@googlecode.com&quot;,&quot;mtime&quot;:1404011150000,&quot;rdfTime&quot;:1404011150000}}}]
*** LOG addons.xpi-utils: Opening XPI database /var/folders/z0/4r1wkhdx48j5kd1k5nql6yxm0000gp/T/anonymous3289356048381574557webdriver-profile/extensions.json
*** LOG addons.xpi: New add-on fxdriver@googlecode.com installed in app-profile
*** Blocklist::_loadBlocklistFromFile: blocklist is disabled
*** LOG addons.xpi-utils: Make addon app-profile:fxdriver@googlecode.com visible
*** LOG DeferredSave/extensions.json: Save changes
*** LOG DeferredSave/extensions.json: Save changes
*** LOG addons.xpi: New add-on {972ce4c6-7e08-4474-a285-3208198ce6fd} installed in app-global
*** LOG addons.xpi-utils: Make addon app-global:{972ce4c6-7e08-4474-a285-3208198ce6fd} visible
*** LOG DeferredSave/extensions.json: Save changes
*** LOG DeferredSave/extensions.json: Save changes
*** LOG addons.xpi: Updating database with changes to installed add-ons
*** LOG addons.xpi-utils: Updating add-on states
*** LOG addons.xpi-utils: Writing add-ons list
*** LOG DeferredSave/extensions.json: Starting timer
*** LOG DeferredSave/extensions.json: Starting write
*** LOG addons.manager: shutdown
*** LOG addons.xpi: shutdown
*** LOG addons.xpi-utils: shutdown
*** LOG DeferredSave/extensions.json: Write succeeded
*** LOG addons.xpi-utils: XPI Database saved, setting schema version preference to 16
*** LOG addons.xpi: Notifying XPI shutdown observers
*** LOG addons.manager: Async provider shutdown done
System JS : ERROR resource://gre/modules/BookmarkHTMLUtils.jsm:798 - NS_ERROR_UNEXPECTED: Component returned failure code: 0x8000ffff (NS_ERROR_UNEXPECTED) [nsINavBookmarksService.removeFolderChildren]
System JS : ERROR resource://app/components/nsBrowserGlue.js:1665 - NS_ERROR_UNEXPECTED: Component returned failure code: 0x8000ffff (NS_ERROR_UNEXPECTED) [nsIAnnotationService.getItemsWithAnnotation]
System JS : ERROR resource://gre/modules/BookmarkHTMLUtils.jsm:798 - NS_ERROR_UNEXPECTED: Component returned failure code: 0x8000ffff (NS_ERROR_UNEXPECTED) [nsINavBookmarksService.removeFolderChildren]
*** LOG addons.xpi: startup
*** LOG addons.xpi: Skipping unavailable install location app-system-share
*** LOG addons.xpi: Ignoring file entry whose name is not a valid add-on ID: /var/folders/z0/4r1wkhdx48j5kd1k5nql6yxm0000gp/T/anonymous3289356048381574557webdriver-profile/extensions/webdriver-staging
*** LOG addons.xpi: checkForChanges
*** LOG addons.xpi: No changes found
*** Blocklist::_loadBlocklistFromFile: blocklist is disabled

Build info: version: &apos;2.35.0&apos;, revision: &apos;8df0c6bedf70ff9f22c647788f9fe9c8d22210e2&apos;, time: &apos;2013-08-17 12:46:41&apos;
System info: os.name: &apos;Mac OS X&apos;, os.arch: &apos;x86_64&apos;, os.version: &apos;10.9.3&apos;, java.version: &apos;1.8.0&apos;
Driver info: driver.version: FirefoxDriver
	at org.openqa.selenium.firefox.internal.NewProfileExtensionConnection.start(NewProfileExtensionConnection.java:118)
	at org.openqa.selenium.firefox.FirefoxDriver.startClient(FirefoxDriver.java:251)
	at org.openqa.selenium.remote.RemoteWebDriver.&lt;init&gt;(RemoteWebDriver.java:110)
	at org.openqa.selenium.firefox.FirefoxDriver.&lt;init&gt;(FirefoxDriver.java:195)
	at org.openqa.selenium.firefox.FirefoxDriver.&lt;init&gt;(FirefoxDriver.java:190)
	at org.openqa.selenium.firefox.FirefoxDriver.&lt;init&gt;(FirefoxDriver.java:107)
	at net.thucydides.core.webdriver.WebdriverInstanceFactory.newFirefoxDriver(WebdriverInstanceFactory.java:32)
	at net.thucydides.core.webdriver.WebDriverFactory.firefoxDriver(WebDriverFactory.java:535)
	at net.thucydides.core.webdriver.WebDriverFactory.newWebdriverInstance(WebDriverFactory.java:169)
	... 36 more
Caused by: org.openqa.selenium.firefox.NotConnectedException: Unable to connect to host 127.0.0.1 on port 7055 after 45000 ms. Firefox console output:
*** LOG addons.manager: Application has been upgraded
*** LOG addons.xpi: startup
*** LOG addons.xpi: Skipping unavailable install location app-system-share
*** LOG addons.xpi: Ignoring file entry whose name is not a valid add-on ID: /var/folders/z0/4r1wkhdx48j5kd1k5nql6yxm0000gp/T/anonymous3289356048381574557webdriver-profile/extensions/webdriver-staging
*** LOG addons.xpi: checkForChanges
*** LOG addons.xpi: Directory state JSON differs: cache [] state [{&quot;name&quot;:&quot;app-global&quot;,&quot;addons&quot;:{&quot;{972ce4c6-7e08-4474-a285-3208198ce6fd}&quot;:{&quot;descriptor&quot;:&quot;/Applications/Firefox.app/Contents/MacOS/browser/extensions/{972ce4c6-7e08-4474-a285-3208198ce6fd}&quot;,&quot;mtime&quot;:1399678055000,&quot;rdfTime&quot;:1399678054000}}},{&quot;name&quot;:&quot;app-profile&quot;,&quot;addons&quot;:{&quot;fxdriver@googlecode.com&quot;:{&quot;descriptor&quot;:&quot;/var/folders/z0/4r1wkhdx48j5kd1k5nql6yxm0000gp/T/anonymous3289356048381574557webdriver-profile/extensions/fxdriver@googlecode.com&quot;,&quot;mtime&quot;:1404011150000,&quot;rdfTime&quot;:1404011150000}}}]
*** LOG addons.xpi-utils: Opening XPI database /var/folders/z0/4r1wkhdx48j5kd1k5nql6yxm0000gp/T/anonymous3289356048381574557webdriver-profile/extensions.json
*** LOG addons.xpi: New add-on fxdriver@googlecode.com installed in app-profile
*** Blocklist::_loadBlocklistFromFile: blocklist is disabled
*** LOG addons.xpi-utils: Make addon app-profile:fxdriver@googlecode.com visible
*** LOG DeferredSave/extensions.json: Save changes
*** LOG DeferredSave/extensions.json: Save changes
*** LOG addons.xpi: New add-on {972ce4c6-7e08-4474-a285-3208198ce6fd} installed in app-global
*** LOG addons.xpi-utils: Make addon app-global:{972ce4c6-7e08-4474-a285-3208198ce6fd} visible
*** LOG DeferredSave/extensions.json: Save changes
*** LOG DeferredSave/extensions.json: Save changes
*** LOG addons.xpi: Updating database with changes to installed add-ons
*** LOG addons.xpi-utils: Updating add-on states
*** LOG addons.xpi-utils: Writing add-ons list
*** LOG DeferredSave/extensions.json: Starting timer
*** LOG DeferredSave/extensions.json: Starting write
*** LOG addons.manager: shutdown
*** LOG addons.xpi: shutdown
*** LOG addons.xpi-utils: shutdown
*** LOG DeferredSave/extensions.json: Write succeeded
*** LOG addons.xpi-utils: XPI Database saved, setting schema version preference to 16
*** LOG addons.xpi: Notifying XPI shutdown observers
*** LOG addons.manager: Async provider shutdown done
System JS : ERROR resource://gre/modules/BookmarkHTMLUtils.jsm:798 - NS_ERROR_UNEXPECTED: Component returned failure code: 0x8000ffff (NS_ERROR_UNEXPECTED) [nsINavBookmarksService.removeFolderChildren]
System JS : ERROR resource://app/components/nsBrowserGlue.js:1665 - NS_ERROR_UNEXPECTED: Component returned failure code: 0x8000ffff (NS_ERROR_UNEXPECTED) [nsIAnnotationService.getItemsWithAnnotation]
System JS : ERROR resource://gre/modules/BookmarkHTMLUtils.jsm:798 - NS_ERROR_UNEXPECTED: Component returned failure code: 0x8000ffff (NS_ERROR_UNEXPECTED) [nsINavBookmarksService.removeFolderChildren]
*** LOG addons.xpi: startup
*** LOG addons.xpi: Skipping unavailable install location app-system-share
*** LOG addons.xpi: Ignoring file entry whose name is not a valid add-on ID: /var/folders/z0/4r1wkhdx48j5kd1k5nql6yxm0000gp/T/anonymous3289356048381574557webdriver-profile/extensions/webdriver-staging
*** LOG addons.xpi: checkForChanges
*** LOG addons.xpi: No changes found
*** Blocklist::_loadBlocklistFromFile: blocklist is disabled

	at org.openqa.selenium.firefox.internal.NewProfileExtensionConnection.start(NewProfileExtensionConnection.java:106)
	... 44 more
</system-err>
  </testcase>
  <testcase classname="com.bddinaction.flyinghigh.jbehave.steps.BookingAFlightSteps" name="When I search for return flights from Sydney to London in Business" time="45.806">
    <skipped/>
  </testcase>
[...]
*** LOG addons.xpi-utils: Opening XPI database /var/folders/z0/4r1wkhdx48j5kd1k5nql6yxm0000gp/T/anonymous3460745706779010844webdriver-profile/extensions.json
*** LOG addons.xpi: New add-on fxdriver@googlecode.com installed in app-profile
*** Blocklist::_loadBlocklistFromFile: blocklist is disabled
*** LOG addons.xpi-utils: Make addon app-profile:fxdriver@googlecode.com visible
*** LOG DeferredSave/extensions.json: Save changes
*** LOG DeferredSave/extensions.json: Save changes
*** LOG addons.xpi: New add-on {972ce4c6-7e08-4474-a285-3208198ce6fd} installed in app-global
*** LOG addons.xpi-utils: Make addon app-global:{972ce4c6-7e08-4474-a285-3208198ce6fd} visible
*** LOG DeferredSave/extensions.json: Save changes
*** LOG DeferredSave/extensions.json: Save changes
*** LOG addons.xpi: Updating database with changes to installed add-ons
*** LOG addons.xpi-utils: Updating add-on states
*** LOG addons.xpi-utils: Writing add-ons list
*** LOG DeferredSave/extensions.json: Starting timer
*** LOG DeferredSave/extensions.json: Starting write
*** LOG addons.manager: shutdown
*** LOG addons.xpi: shutdown
*** LOG addons.xpi-utils: shutdown
*** LOG DeferredSave/extensions.json: Write succeeded
*** LOG addons.xpi-utils: XPI Database saved, setting schema version preference to 16
*** LOG addons.xpi: Notifying XPI shutdown observers
*** LOG addons.manager: Async provider shutdown done
System JS : ERROR resource://gre/modules/BookmarkHTMLUtils.jsm:798 - NS_ERROR_UNEXPECTED: Component returned failure code: 0x8000ffff (NS_ERROR_UNEXPECTED) [nsINavBookmarksService.removeFolderChildren]
System JS : ERROR resource://app/components/nsBrowserGlue.js:1665 - NS_ERROR_UNEXPECTED: Component returned failure code: 0x8000ffff (NS_ERROR_UNEXPECTED) [nsIAnnotationService.getItemsWithAnnotation]
System JS : ERROR resource://gre/modules/BookmarkHTMLUtils.jsm:798 - NS_ERROR_UNEXPECTED: Component returned failure code: 0x8000ffff (NS_ERROR_UNEXPECTED) [nsINavBookmarksService.removeFolderChildren]
*** LOG addons.xpi: startup
*** LOG addons.xpi: Skipping unavailable install location app-system-share
*** LOG addons.xpi: Ignoring file entry whose name is not a valid add-on ID: /var/folders/z0/4r1wkhdx48j5kd1k5nql6yxm0000gp/T/anonymous3460745706779010844webdriver-profile/extensions/webdriver-staging
*** LOG addons.xpi: checkForChanges
*** LOG addons.xpi: No changes found
*** Blocklist::_loadBlocklistFromFile: blocklist is disabled

	at org.openqa.selenium.firefox.internal.NewProfileExtensionConnection.start(NewProfileExtensionConnection.java:106)
	at org.openqa.selenium.firefox.FirefoxDriver.startClient(FirefoxDriver.java:251)
	at org.openqa.selenium.remote.RemoteWebDriver.&lt;init&gt;(RemoteWebDriver.java:110)
	at org.openqa.selenium.firefox.FirefoxDriver.&lt;init&gt;(FirefoxDriver.java:195)
	at org.openqa.selenium.firefox.FirefoxDriver.&lt;init&gt;(FirefoxDriver.java:190)
	at org.openqa.selenium.firefox.FirefoxDriver.&lt;init&gt;(FirefoxDriver.java:107)
	at net.thucydides.core.webdriver.WebdriverInstanceFactory.newFirefoxDriver(WebdriverInstanceFactory.java:32)
	at net.thucydides.core.webdriver.WebDriverFactory.firefoxDriver(WebDriverFactory.java:535)
	at net.thucydides.core.webdriver.WebDriverFactory.newWebdriverInstance(WebDriverFactory.java:169)
	at net.thucydides.core.webdriver.WebDriverFacade.newDriverInstance(WebDriverFacade.java:88)
	at net.thucydides.core.webdriver.WebDriverFacade.newProxyDriver(WebDriverFacade.java:82)
	at net.thucydides.core.webdriver.WebDriverFacade.getProxiedDriver(WebDriverFacade.java:54)
	at net.thucydides.core.webdriver.WebDriverFacade.openIgnoringHtmlUnitScriptErrors(WebDriverFacade.java:123)
	at net.thucydides.core.webdriver.WebDriverFacade.get(WebDriverFacade.java:118)
	at net.thucydides.core.pages.PageObject.openPageAtUrl(PageObject.java:732)
	at net.thucydides.core.pages.PageObject.open(PageObject.java:642)
	at net.thucydides.core.pages.PageObject.open(PageObject.java:630)
	at com.bddinaction.flyinghigh.jbehave.flowsteps.TravellerFlowSteps.navigateToFlightBookings(TravellerFlowSteps.java:18)
	at com.bddinaction.flyinghigh.jbehave.flowsteps.TravellerFlowSteps$$EnhancerByCGLIB$$7363dd7e.CGLIB$navigateToFlightBookings$0(&lt;generated&gt;)
	at com.bddinaction.flyinghigh.jbehave.flowsteps.TravellerFlowSteps$$EnhancerByCGLIB$$7363dd7e$$FastClassByCGLIB$$7446f886.invoke(&lt;generated&gt;)
	at net.sf.cglib.proxy.MethodProxy.invokeSuper(MethodProxy.java:228)
	at net.thucydides.core.steps.StepInterceptor.executeTestStepMethod(StepInterceptor.java:285)
	at net.thucydides.core.steps.StepInterceptor.runTestStep(StepInterceptor.java:261)
	at net.thucydides.core.steps.StepInterceptor.testStepResult(StepInterceptor.java:125)
	at net.thucydides.core.steps.StepInterceptor.intercept(StepInterceptor.java:51)
	at com.bddinaction.flyinghigh.jbehave.flowsteps.TravellerFlowSteps$$EnhancerByCGLIB$$7363dd7e.navigateToFlightBookings(&lt;generated&gt;)
	at com.bddinaction.flyinghigh.jbehave.steps.BookingAFlightSteps.givenIWantToBookAFlight(BookingAFlightSteps.java:21)
	at sun.reflect.NativeMethodAccessorImpl.invoke0(Native Method)
	at sun.reflect.NativeMethodAccessorImpl.invoke(NativeMethodAccessorImpl.java:62)
	at sun.reflect.DelegatingMethodAccessorImpl.invoke(DelegatingMethodAccessorImpl.java:43)
	at java.lang.reflect.Method.invoke(Method.java:483)
	at org.jbehave.core.steps.StepCreator$ParameterisedStep.perform(StepCreator.java:569)
	at org.jbehave.core.embedder.StoryRunner$FineSoFar.run(StoryRunner.java:535)
	at org.jbehave.core.embedder.StoryRunner.runStepsWhileKeepingState(StoryRunner.java:515)
	at org.jbehave.core.embedder.StoryRunner.runScenarioSteps(StoryRunner.java:479)
	at org.jbehave.core.embedder.StoryRunner.runStepsWithLifecycle(StoryRunner.java:445)
	at org.jbehave.core.embedder.StoryRunner.runCancellable(StoryRunner.java:305)
	at org.jbehave.core.embedder.StoryRunner.run(StoryRunner.java:220)
	at org.jbehave.core.embedder.StoryRunner.run(StoryRunner.java:181)
	at org.jbehave.core.embedder.StoryManager$EnqueuedStory.call(StoryManager.java:235)
	at org.jbehave.core.embedder.StoryManager$EnqueuedStory.call(StoryManager.java:207)
	at java.util.concurrent.FutureTask.run(FutureTask.java:266)
	at java.util.concurrent.ThreadPoolExecutor.runWorker(ThreadPoolExecutor.java:1142)
	at java.util.concurrent.ThreadPoolExecutor$Worker.run(ThreadPoolExecutor.java:617)
	at java.lang.Thread.run(Thread.java:744)
286787 [pool-1-thread-1] ERROR net.thucydides.core.webdriver.WebDriverFacade - FAILED TO CREATE NEW WEBDRIVER_DRIVER INSTANCE class org.openqa.selenium.firefox.FirefoxDriver: Could not instantiate class org.openqa.selenium.firefox.FirefoxDriver
net.thucydides.core.webdriver.UnsupportedDriverException: Could not instantiate class org.openqa.selenium.firefox.FirefoxDriver
	at net.thucydides.core.webdriver.WebDriverFactory.newWebdriverInstance(WebDriverFactory.java:192)
	at net.thucydides.core.webdriver.WebDriverFacade.newDriverInstance(WebDriverFacade.java:88)
	at net.thucydides.core.webdriver.WebDriverFacade.newProxyDriver(WebDriverFacade.java:82)
	at net.thucydides.core.webdriver.WebDriverFacade.getProxiedDriver(WebDriverFacade.java:54)
	at net.thucydides.core.webdriver.WebDriverFacade.openIgnoringHtmlUnitScriptErrors(WebDriverFacade.java:123)
	at net.thucydides.core.webdriver.WebDriverFacade.get(WebDriverFacade.java:118)
	at net.thucydides.core.pages.PageObject.openPageAtUrl(PageObject.java:732)
	at net.thucydides.core.pages.PageObject.open(PageObject.java:642)
	at net.thucydides.core.pages.PageObject.open(PageObject.java:630)
	at com.bddinaction.flyinghigh.jbehave.flowsteps.TravellerFlowSteps.navigateToFlightBookings(TravellerFlowSteps.java:18)
	at com.bddinaction.flyinghigh.jbehave.flowsteps.TravellerFlowSteps$$EnhancerByCGLIB$$7363dd7e.CGLIB$navigateToFlightBookings$0(&lt;generated&gt;)
	at com.bddinaction.flyinghigh.jbehave.flowsteps.TravellerFlowSteps$$EnhancerByCGLIB$$7363dd7e$$FastClassByCGLIB$$7446f886.invoke(&lt;generated&gt;)
	at net.sf.cglib.proxy.MethodProxy.invokeSuper(MethodProxy.java:228)
	at net.thucydides.core.steps.StepInterceptor.executeTestStepMethod(StepInterceptor.java:285)
	at net.thucydides.core.steps.StepInterceptor.runTestStep(StepInterceptor.java:261)
	at net.thucydides.core.steps.StepInterceptor.testStepResult(StepInterceptor.java:125)
	at net.thucydides.core.steps.StepInterceptor.intercept(StepInterceptor.java:51)
	at com.bddinaction.flyinghigh.jbehave.flowsteps.TravellerFlowSteps$$EnhancerByCGLIB$$7363dd7e.navigateToFlightBookings(&lt;generated&gt;)
	at com.bddinaction.flyinghigh.jbehave.steps.BookingAFlightSteps.givenIWantToBookAFlight(BookingAFlightSteps.java:21)
	at sun.reflect.NativeMethodAccessorImpl.invoke0(Native Method)
	at sun.reflect.NativeMethodAccessorImpl.invoke(NativeMethodAccessorImpl.java:62)
	at sun.reflect.DelegatingMethodAccessorImpl.invoke(DelegatingMethodAccessorImpl.java:43)
	at java.lang.reflect.Method.invoke(Method.java:483)
	at org.jbehave.core.steps.StepCreator$ParameterisedStep.perform(StepCreator.java:569)
	at org.jbehave.core.embedder.StoryRunner$FineSoFar.run(StoryRunner.java:535)
	at org.jbehave.core.embedder.StoryRunner.runStepsWhileKeepingState(StoryRunner.java:515)
	at org.jbehave.core.embedder.StoryRunner.runScenarioSteps(StoryRunner.java:479)
	at org.jbehave.core.embedder.StoryRunner.runStepsWithLifecycle(StoryRunner.java:445)
	at org.jbehave.core.embedder.StoryRunner.runCancellable(StoryRunner.java:305)
	at org.jbehave.core.embedder.StoryRunner.run(StoryRunner.java:220)
	at org.jbehave.core.embedder.StoryRunner.run(StoryRunner.java:181)
	at org.jbehave.core.embedder.StoryManager$EnqueuedStory.call(StoryManager.java:235)
	at org.jbehave.core.embedder.StoryManager$EnqueuedStory.call(StoryManager.java:207)
	at java.util.concurrent.FutureTask.run(FutureTask.java:266)
	at java.util.concurrent.ThreadPoolExecutor.runWorker(ThreadPoolExecutor.java:1142)
	at java.util.concurrent.ThreadPoolExecutor$Worker.run(ThreadPoolExecutor.java:617)
	at java.lang.Thread.run(Thread.java:744)
Caused by: org.openqa.selenium.WebDriverException: Failed to connect to binary FirefoxBinary(/Applications/Firefox.app/Contents/MacOS/firefox-bin) on port 7055; process output follows: 
*** LOG addons.manager: Application has been upgraded
*** LOG addons.xpi: startup
*** LOG addons.xpi: Skipping unavailable install location app-system-share
*** LOG addons.xpi: Ignoring file entry whose name is not a valid add-on ID: /var/folders/z0/4r1wkhdx48j5kd1k5nql6yxm0000gp/T/anonymous3460745706779010844webdriver-profile/extensions/webdriver-staging
*** LOG addons.xpi: checkForChanges
*** LOG addons.xpi: Directory state JSON differs: cache [] state [{&quot;name&quot;:&quot;app-global&quot;,&quot;addons&quot;:{&quot;{972ce4c6-7e08-4474-a285-3208198ce6fd}&quot;:{&quot;descriptor&quot;:&quot;/Applications/Firefox.app/Contents/MacOS/browser/extensions/{972ce4c6-7e08-4474-a285-3208198ce6fd}&quot;,&quot;mtime&quot;:1399678055000,&quot;rdfTime&quot;:1399678054000}}},{&quot;name&quot;:&quot;app-profile&quot;,&quot;addons&quot;:{&quot;fxdriver@googlecode.com&quot;:{&quot;descriptor&quot;:&quot;/var/folders/z0/4r1wkhdx48j5kd1k5nql6yxm0000gp/T/anonymous3460745706779010844webdriver-profile/extensions/fxdriver@googlecode.com&quot;,&quot;mtime&quot;:1404011301000,&quot;rdfTime&quot;:1404011301000}}}]
*** LOG addons.xpi-utils: Opening XPI database /var/folders/z0/4r1wkhdx48j5kd1k5nql6yxm0000gp/T/anonymous3460745706779010844webdriver-profile/extensions.json
*** LOG addons.xpi: New add-on fxdriver@googlecode.com installed in app-profile
*** Blocklist::_loadBlocklistFromFile: blocklist is disabled
*** LOG addons.xpi-utils: Make addon app-profile:fxdriver@googlecode.com visible
*** LOG DeferredSave/extensions.json: Save changes
*** LOG DeferredSave/extensions.json: Save changes
*** LOG addons.xpi: New add-on {972ce4c6-7e08-4474-a285-3208198ce6fd} installed in app-global
*** LOG addons.xpi-utils: Make addon app-global:{972ce4c6-7e08-4474-a285-3208198ce6fd} visible
*** LOG DeferredSave/extensions.json: Save changes
*** LOG DeferredSave/extensions.json: Save changes
*** LOG addons.xpi: Updating database with changes to installed add-ons
*** LOG addons.xpi-utils: Updating add-on states
*** LOG addons.xpi-utils: Writing add-ons list
*** LOG DeferredSave/extensions.json: Starting timer
*** LOG DeferredSave/extensions.json: Starting write
*** LOG addons.manager: shutdown
*** LOG addons.xpi: shutdown
*** LOG addons.xpi-utils: shutdown
*** LOG DeferredSave/extensions.json: Write succeeded
*** LOG addons.xpi-utils: XPI Database saved, setting schema version preference to 16
*** LOG addons.xpi: Notifying XPI shutdown observers
*** LOG addons.manager: Async provider shutdown done
System JS : ERROR resource://gre/modules/BookmarkHTMLUtils.jsm:798 - NS_ERROR_UNEXPECTED: Component returned failure code: 0x8000ffff (NS_ERROR_UNEXPECTED) [nsINavBookmarksService.removeFolderChildren]
System JS : ERROR resource://app/components/nsBrowserGlue.js:1665 - NS_ERROR_UNEXPECTED: Component returned failure code: 0x8000ffff (NS_ERROR_UNEXPECTED) [nsIAnnotationService.getItemsWithAnnotation]
System JS : ERROR resource://gre/modules/BookmarkHTMLUtils.jsm:798 - NS_ERROR_UNEXPECTED: Component returned failure code: 0x8000ffff (NS_ERROR_UNEXPECTED) [nsINavBookmarksService.removeFolderChildren]
*** LOG addons.xpi: startup
*** LOG addons.xpi: Skipping unavailable install location app-system-share
*** LOG addons.xpi: Ignoring file entry whose name is not a valid add-on ID: /var/folders/z0/4r1wkhdx48j5kd1k5nql6yxm0000gp/T/anonymous3460745706779010844webdriver-profile/extensions/webdriver-staging
*** LOG addons.xpi: checkForChanges
*** LOG addons.xpi: No changes found
*** Blocklist::_loadBlocklistFromFile: blocklist is disabled

Build info: version: &apos;2.35.0&apos;, revision: &apos;8df0c6bedf70ff9f22c647788f9fe9c8d22210e2&apos;, time: &apos;2013-08-17 12:46:41&apos;
System info: os.name: &apos;Mac OS X&apos;, os.arch: &apos;x86_64&apos;, os.version: &apos;10.9.3&apos;, java.version: &apos;1.8.0&apos;
Driver info: driver.version: FirefoxDriver
	at org.openqa.selenium.firefox.internal.NewProfileExtensionConnection.start(NewProfileExtensionConnection.java:118)
	at org.openqa.selenium.firefox.FirefoxDriver.startClient(FirefoxDriver.java:251)
	at org.openqa.selenium.remote.RemoteWebDriver.&lt;init&gt;(RemoteWebDriver.java:110)
	at org.openqa.selenium.firefox.FirefoxDriver.&lt;init&gt;(FirefoxDriver.java:195)
	at org.openqa.selenium.firefox.FirefoxDriver.&lt;init&gt;(FirefoxDriver.java:190)
	at org.openqa.selenium.firefox.FirefoxDriver.&lt;init&gt;(FirefoxDriver.java:107)
	at net.thucydides.core.webdriver.WebdriverInstanceFactory.newFirefoxDriver(WebdriverInstanceFactory.java:32)
	at net.thucydides.core.webdriver.WebDriverFactory.firefoxDriver(WebDriverFactory.java:535)
	at net.thucydides.core.webdriver.WebDriverFactory.newWebdriverInstance(WebDriverFactory.java:169)
	... 36 more
Caused by: org.openqa.selenium.firefox.NotConnectedException: Unable to connect to host 127.0.0.1 on port 7055 after 45000 ms. Firefox console output:
*** LOG addons.manager: Application has been upgraded
*** LOG addons.xpi: startup
*** LOG addons.xpi: Skipping unavailable install location app-system-share
*** LOG addons.xpi: Ignoring file entry whose name is not a valid add-on ID: /var/folders/z0/4r1wkhdx48j5kd1k5nql6yxm0000gp/T/anonymous3460745706779010844webdriver-profile/extensions/webdriver-staging
*** LOG addons.xpi: checkForChanges
*** LOG addons.xpi: Directory state JSON differs: cache [] state [{&quot;name&quot;:&quot;app-global&quot;,&quot;addons&quot;:{&quot;{972ce4c6-7e08-4474-a285-3208198ce6fd}&quot;:{&quot;descriptor&quot;:&quot;/Applications/Firefox.app/Contents/MacOS/browser/extensions/{972ce4c6-7e08-4474-a285-3208198ce6fd}&quot;,&quot;mtime&quot;:1399678055000,&quot;rdfTime&quot;:1399678054000}}},{&quot;name&quot;:&quot;app-profile&quot;,&quot;addons&quot;:{&quot;fxdriver@googlecode.com&quot;:{&quot;descriptor&quot;:&quot;/var/folders/z0/4r1wkhdx48j5kd1k5nql6yxm0000gp/T/anonymous3460745706779010844webdriver-profile/extensions/fxdriver@googlecode.com&quot;,&quot;mtime&quot;:1404011301000,&quot;rdfTime&quot;:1404011301000}}}]
*** LOG addons.xpi-utils: Opening XPI database /var/folders/z0/4r1wkhdx48j5kd1k5nql6yxm0000gp/T/anonymous3460745706779010844webdriver-profile/extensions.json
*** LOG addons.xpi: New add-on fxdriver@googlecode.com installed in app-profile
*** Blocklist::_loadBlocklistFromFile: blocklist is disabled
*** LOG addons.xpi-utils: Make addon app-profile:fxdriver@googlecode.com visible
*** LOG DeferredSave/extensions.json: Save changes
*** LOG DeferredSave/extensions.json: Save changes
*** LOG addons.xpi: New add-on {972ce4c6-7e08-4474-a285-3208198ce6fd} installed in app-global
*** LOG addons.xpi-utils: Make addon app-global:{972ce4c6-7e08-4474-a285-3208198ce6fd} visible
*** LOG DeferredSave/extensions.json: Save changes
*** LOG DeferredSave/extensions.json: Save changes
*** LOG addons.xpi: Updating database with changes to installed add-ons
*** LOG addons.xpi-utils: Updating add-on states
*** LOG addons.xpi-utils: Writing add-ons list
*** LOG DeferredSave/extensions.json: Starting timer
*** LOG DeferredSave/extensions.json: Starting write
*** LOG addons.manager: shutdown
*** LOG addons.xpi: shutdown
*** LOG addons.xpi-utils: shutdown
*** LOG DeferredSave/extensions.json: Write succeeded
*** LOG addons.xpi-utils: XPI Database saved, setting schema version preference to 16
*** LOG addons.xpi: Notifying XPI shutdown observers
*** LOG addons.manager: Async provider shutdown done
System JS : ERROR resource://gre/modules/BookmarkHTMLUtils.jsm:798 - NS_ERROR_UNEXPECTED: Component returned failure code: 0x8000ffff (NS_ERROR_UNEXPECTED) [nsINavBookmarksService.removeFolderChildren]
System JS : ERROR resource://app/components/nsBrowserGlue.js:1665 - NS_ERROR_UNEXPECTED: Component returned failure code: 0x8000ffff (NS_ERROR_UNEXPECTED) [nsIAnnotationService.getItemsWithAnnotation]
System JS : ERROR resource://gre/modules/BookmarkHTMLUtils.jsm:798 - NS_ERROR_UNEXPECTED: Component returned failure code: 0x8000ffff (NS_ERROR_UNEXPECTED) [nsINavBookmarksService.removeFolderChildren]
*** LOG addons.xpi: startup
*** LOG addons.xpi: Skipping unavailable install location app-system-share
*** LOG addons.xpi: Ignoring file entry whose name is not a valid add-on ID: /var/folders/z0/4r1wkhdx48j5kd1k5nql6yxm0000gp/T/anonymous3460745706779010844webdriver-profile/extensions/webdriver-staging
*** LOG addons.xpi: checkForChanges
*** LOG addons.xpi: No changes found
*** Blocklist::_loadBlocklistFromFile: blocklist is disabled

	at org.openqa.selenium.firefox.internal.NewProfileExtensionConnection.start(NewProfileExtensionConnection.java:106)
	... 44 more
</system-err>
  </testcase>
  <testcase classname="com.bddinaction.flyinghigh.jbehave.steps.BookingAFlightSteps" name="When I enter \&apos;Se\&apos; into the \&apos;from\&apos; city field" time="45.867">
    <skipped/>
  </testcase>
  <testcase classname="com.bddinaction.flyinghigh.jbehave.steps.BookingAFlightSteps" name="Then I should see the following cities: Seattle\u002C Seoul" time="45.868">
    <skipped/>
  </testcase>
  <testcase classname="joe_has_registered.story" name="joe_has_registered.story" time="0.008">
    <skipped/>
  </testcase>
  <testcase classname="com.bddinaction.flyinghigh.jbehave.steps.LoginSteps" name="When Joe logs on with password \&apos;secret\&apos;" time="0.009">
    <skipped/>
  </testcase>
  <testcase classname="com.bddinaction.flyinghigh.jbehave.steps.LoginSteps" name="Then he should be given access to the site" time="0.009">
    <skipped/>
  </testcase>
  <testcase classname="Scenario: Logging on successfully" name="Scenario: Logging on successfully" time="0.013"/>
  <testcase classname="logging_on.story" name="logging_on.story" time="2.43"/>
  <testcase classname="java.lang.Object" name="AfterStories" time="0.001"/>
</testsuite>