-------------------------------------------------------------------------------
Test set: com.bddinaction.flyinghigh.jbehave.AcceptanceTestSuite
-------------------------------------------------------------------------------
Tests run: 146, Failures: 1, Errors: 1, Skipped: 15, Time elapsed: 28.54 sec <<< FAILURE!
Then he should be informed that his password was incorrect(com.bddinaction.flyinghigh.jbehave.steps.LoginSteps)  Time elapsed: 0.028 sec  <<< FAILURE!
org.junit.ComparisonFailure: expected:<'[expected] message'> but was:<'[wrong] message'>
	at sun.reflect.NativeConstructorAccessorImpl.newInstance0(Native Method)
	at sun.reflect.NativeConstructorAccessorImpl.newInstance(NativeConstructorAccessorImpl.java:62)
	at sun.reflect.DelegatingConstructorAccessorImpl.newInstance(DelegatingConstructorAccessorImpl.java:45)
	at java.lang.reflect.Constructor.newInstance(Constructor.java:408)
	at org.fest.assertions.ConstructorInvoker.newInstance(ConstructorInvoker.java:36)
	at org.fest.assertions.ComparisonFailureFactory.newComparisonFailure(ComparisonFailureFactory.java:60)
	at org.fest.assertions.ComparisonFailureFactory.comparisonFailure(ComparisonFailureFactory.java:46)
	at org.fest.assertions.Fail.comparisonFailed(Fail.java:83)
	at org.fest.assertions.Fail.failIfNotEqual(Fail.java:71)
	at org.fest.assertions.GenericAssert.isEqualTo(GenericAssert.java:217)
	at com.bddinaction.flyinghigh.jbehave.steps.LoginSteps.he_should_be_informed_that_his_password_was_incorrect(LoginSteps.java:35)
	at sun.reflect.NativeMethodAccessorImpl.invoke0(Native Method)
	at sun.reflect.NativeMethodAccessorImpl.invoke(NativeMethodAccessorImpl.java:62)
	at sun.reflect.DelegatingMethodAccessorImpl.invoke(DelegatingMethodAccessorImpl.java:43)
	at java.lang.reflect.Method.invoke(Method.java:483)
	at org.jbehave.core.steps.StepCreator$ParameterisedStep.perform(StepCreator.java:569)
	at org.jbehave.core.embedder.StoryRunner$FineSoFar.run(StoryRunner.java:535)
	at org.jbehave.core.embedder.StoryRunner.runStepsWhileKeepingState(StoryRunner.java:515)
	at org.jbehave.core.embedder.StoryRunner.runScenarioSteps(StoryRunner.java:479)
	at org.jbehave.core.embedder.StoryRunner.runStepsWithLifecycle(StoryRunner.java:445)
	at org.jbehave.core.embedder.StoryRunner.runCancellable(StoryRunner.java:305)
	at org.jbehave.core.embedder.StoryRunner.run(StoryRunner.java:220)
	at org.jbehave.core.embedder.StoryRunner.run(StoryRunner.java:181)
	at org.jbehave.core.embedder.StoryManager$EnqueuedStory.call(StoryManager.java:235)
	at org.jbehave.core.embedder.StoryManager$EnqueuedStory.call(StoryManager.java:207)
	at java.util.concurrent.FutureTask.run(FutureTask.java:266)
	at java.util.concurrent.ThreadPoolExecutor.runWorker(ThreadPoolExecutor.java:1142)
	at java.util.concurrent.ThreadPoolExecutor$Worker.run(ThreadPoolExecutor.java:617)
	at java.lang.Thread.run(Thread.java:744)
Given the account has expired(com.bddinaction.flyinghigh.jbehave.steps.LoginSteps)  Time elapsed: 0.005 sec  <<< ERROR!
java.io.IOException: Database crashed
	at com.bddinaction.flyinghigh.jbehave.steps.LoginSteps.the_account_has_expired(LoginSteps.java:40)
	at sun.reflect.NativeMethodAccessorImpl.invoke0(Native Method)
	at sun.reflect.NativeMethodAccessorImpl.invoke(NativeMethodAccessorImpl.java:62)
	at sun.reflect.DelegatingMethodAccessorImpl.invoke(DelegatingMethodAccessorImpl.java:43)
	at java.lang.reflect.Method.invoke(Method.java:483)
	at org.jbehave.core.steps.StepCreator$ParameterisedStep.perform(StepCreator.java:569)
	at org.jbehave.core.embedder.StoryRunner$FineSoFar.run(StoryRunner.java:535)
	at org.jbehave.core.embedder.StoryRunner.runStepsWhileKeepingState(StoryRunner.java:515)
	at org.jbehave.core.embedder.StoryRunner.runScenarioSteps(StoryRunner.java:479)
	at org.jbehave.core.embedder.StoryRunner.runStepsWithLifecycle(StoryRunner.java:445)
	at org.jbehave.core.embedder.StoryRunner.runCancellable(StoryRunner.java:305)
	at org.jbehave.core.embedder.StoryRunner.run(StoryRunner.java:220)
	at org.jbehave.core.embedder.StoryRunner.run(StoryRunner.java:181)
	at org.jbehave.core.embedder.StoryManager$EnqueuedStory.call(StoryManager.java:235)
	at org.jbehave.core.embedder.StoryManager$EnqueuedStory.call(StoryManager.java:207)
	at java.util.concurrent.FutureTask.run(FutureTask.java:266)
	at java.util.concurrent.ThreadPoolExecutor.runWorker(ThreadPoolExecutor.java:1142)
	at java.util.concurrent.ThreadPoolExecutor$Worker.run(ThreadPoolExecutor.java:617)
	at java.lang.Thread.run(Thread.java:744)
